2024/06/17 03:04:53 [emerg] 1#1: host not found in upstream "php" in /etc/nginx/conf.d/default.conf:9
2024/06/17 03:07:41 [emerg] 1#1: host not found in upstream "php" in /etc/nginx/conf.d/default.conf:9
2024/06/17 03:14:05 [emerg] 1#1: host not found in upstream "php" in /etc/nginx/conf.d/default.conf:9
2024/06/17 03:16:25 [notice] 1#1: using the "epoll" event method
2024/06/17 03:16:25 [notice] 1#1: nginx/1.27.0
2024/06/17 03:16:25 [notice] 1#1: built by gcc 13.2.1 20231014 (Alpine 13.2.1_git20231014) 
2024/06/17 03:16:25 [notice] 1#1: OS: Linux 5.15.146.1-microsoft-standard-WSL2
2024/06/17 03:16:25 [notice] 1#1: getrlimit(RLIMIT_NOFILE): 1048576:1048576
2024/06/17 03:16:25 [notice] 1#1: start worker processes
2024/06/17 03:16:25 [notice] 1#1: start worker process 29
2024/06/17 03:16:25 [notice] 1#1: start worker process 30
2024/06/17 03:16:25 [notice] 1#1: start worker process 31
2024/06/17 03:16:25 [notice] 1#1: start worker process 32
2024/06/17 03:16:25 [notice] 1#1: start worker process 33
2024/06/17 03:16:25 [notice] 1#1: start worker process 34
2024/06/17 03:16:25 [notice] 1#1: start worker process 35
2024/06/17 03:16:25 [notice] 1#1: start worker process 36
2024/06/17 03:16:25 [notice] 1#1: start worker process 37
2024/06/17 03:16:25 [notice] 1#1: start worker process 38
2024/06/17 03:16:25 [notice] 1#1: start worker process 39
2024/06/17 03:16:25 [notice] 1#1: start worker process 40
2024/06/17 03:16:25 [notice] 1#1: start worker process 41
2024/06/17 03:16:25 [notice] 1#1: start worker process 42
2024/06/17 03:16:25 [notice] 1#1: start worker process 43
2024/06/17 03:16:25 [notice] 1#1: start worker process 44
2024/06/17 03:16:52 [error] 29#29: *1 open() "/var/www/html/favicon.ico" failed (2: No such file or directory), client: 172.19.0.1, server: , request: "GET /favicon.ico HTTP/1.1", host: "localhost:8080", referrer: "http://localhost:8080/"
2024/06/17 03:17:08 [notice] 1#1: signal 3 (SIGQUIT) received, shutting down
2024/06/17 03:17:08 [notice] 29#29: gracefully shutting down
2024/06/17 03:17:08 [notice] 31#31: gracefully shutting down
2024/06/17 03:17:08 [notice] 34#34: gracefully shutting down
2024/06/17 03:17:08 [notice] 33#33: gracefully shutting down
2024/06/17 03:17:08 [notice] 30#30: gracefully shutting down
2024/06/17 03:17:08 [notice] 36#36: gracefully shutting down
2024/06/17 03:17:08 [notice] 32#32: gracefully shutting down
2024/06/17 03:17:08 [notice] 38#38: gracefully shutting down
2024/06/17 03:17:08 [notice] 35#35: gracefully shutting down
2024/06/17 03:17:08 [notice] 40#40: gracefully shutting down
2024/06/17 03:17:08 [notice] 39#39: gracefully shutting down
2024/06/17 03:17:08 [notice] 41#41: gracefully shutting down
2024/06/17 03:17:08 [notice] 37#37: gracefully shutting down
2024/06/17 03:17:08 [notice] 43#43: gracefully shutting down
2024/06/17 03:17:08 [notice] 44#44: gracefully shutting down
2024/06/17 03:17:08 [notice] 42#42: gracefully shutting down
2024/06/17 03:17:08 [notice] 29#29: exiting
2024/06/17 03:17:08 [notice] 31#31: exiting
2024/06/17 03:17:08 [notice] 34#34: exiting
2024/06/17 03:17:08 [notice] 33#33: exiting
2024/06/17 03:17:08 [notice] 36#36: exiting
2024/06/17 03:17:08 [notice] 32#32: exiting
2024/06/17 03:17:08 [notice] 38#38: exiting
2024/06/17 03:17:08 [notice] 35#35: exiting
2024/06/17 03:17:08 [notice] 40#40: exiting
2024/06/17 03:17:08 [notice] 39#39: exiting
2024/06/17 03:17:08 [notice] 41#41: exiting
2024/06/17 03:17:08 [notice] 37#37: exiting
2024/06/17 03:17:08 [notice] 43#43: exiting
2024/06/17 03:17:08 [notice] 44#44: exiting
2024/06/17 03:17:08 [notice] 42#42: exiting
2024/06/17 03:17:08 [notice] 29#29: exit
2024/06/17 03:17:08 [notice] 31#31: exit
2024/06/17 03:17:08 [notice] 34#34: exit
2024/06/17 03:17:08 [notice] 33#33: exit
2024/06/17 03:17:08 [notice] 36#36: exit
2024/06/17 03:17:08 [notice] 32#32: exit
2024/06/17 03:17:08 [notice] 38#38: exit
2024/06/17 03:17:08 [notice] 35#35: exit
2024/06/17 03:17:08 [notice] 40#40: exit
2024/06/17 03:17:08 [notice] 39#39: exit
2024/06/17 03:17:08 [notice] 41#41: exit
2024/06/17 03:17:08 [notice] 37#37: exit
2024/06/17 03:17:08 [notice] 43#43: exit
2024/06/17 03:17:08 [notice] 44#44: exit
2024/06/17 03:17:08 [notice] 42#42: exit
2024/06/17 03:17:08 [notice] 1#1: signal 17 (SIGCHLD) received from 29
2024/06/17 03:17:08 [notice] 1#1: worker process 29 exited with code 0
2024/06/17 03:17:08 [notice] 1#1: signal 29 (SIGIO) received
2024/06/17 03:17:08 [notice] 1#1: signal 17 (SIGCHLD) received from 37
2024/06/17 03:17:08 [notice] 1#1: worker process 31 exited with code 0
2024/06/17 03:17:08 [notice] 1#1: worker process 32 exited with code 0
2024/06/17 03:17:08 [notice] 1#1: worker process 33 exited with code 0
2024/06/17 03:17:08 [notice] 1#1: worker process 34 exited with code 0
2024/06/17 03:17:08 [notice] 1#1: worker process 35 exited with code 0
2024/06/17 03:17:08 [notice] 1#1: worker process 37 exited with code 0
2024/06/17 03:17:08 [notice] 1#1: worker process 38 exited with code 0
2024/06/17 03:17:08 [notice] 1#1: worker process 41 exited with code 0
2024/06/17 03:17:08 [notice] 1#1: worker process 43 exited with code 0
2024/06/17 03:17:08 [notice] 1#1: worker process 44 exited with code 0
2024/06/17 03:17:08 [notice] 1#1: signal 29 (SIGIO) received
2024/06/17 03:17:08 [notice] 1#1: signal 17 (SIGCHLD) received from 34
2024/06/17 03:17:08 [notice] 1#1: signal 17 (SIGCHLD) received from 40
2024/06/17 03:17:08 [notice] 1#1: worker process 40 exited with code 0
2024/06/17 03:17:08 [notice] 1#1: signal 29 (SIGIO) received
2024/06/17 03:17:08 [notice] 1#1: signal 17 (SIGCHLD) received from 36
2024/06/17 03:17:08 [notice] 1#1: worker process 36 exited with code 0
2024/06/17 03:17:08 [notice] 1#1: worker process 39 exited with code 0
2024/06/17 03:17:08 [notice] 1#1: worker process 42 exited with code 0
2024/06/17 03:17:08 [notice] 1#1: signal 29 (SIGIO) received
2024/06/17 03:17:08 [notice] 1#1: signal 17 (SIGCHLD) received from 39
2024/06/17 03:17:21 [notice] 1#1: using the "epoll" event method
2024/06/17 03:17:21 [notice] 1#1: nginx/1.27.0
2024/06/17 03:17:21 [notice] 1#1: built by gcc 13.2.1 20231014 (Alpine 13.2.1_git20231014) 
2024/06/17 03:17:21 [notice] 1#1: OS: Linux 5.15.146.1-microsoft-standard-WSL2
2024/06/17 03:17:21 [notice] 1#1: getrlimit(RLIMIT_NOFILE): 1048576:1048576
2024/06/17 03:17:21 [notice] 1#1: start worker processes
2024/06/17 03:17:21 [notice] 1#1: start worker process 29
2024/06/17 03:17:21 [notice] 1#1: start worker process 30
2024/06/17 03:17:21 [notice] 1#1: start worker process 31
2024/06/17 03:17:21 [notice] 1#1: start worker process 32
2024/06/17 03:17:21 [notice] 1#1: start worker process 33
2024/06/17 03:17:21 [notice] 1#1: start worker process 34
2024/06/17 03:17:21 [notice] 1#1: start worker process 35
2024/06/17 03:17:21 [notice] 1#1: start worker process 36
2024/06/17 03:17:21 [notice] 1#1: start worker process 37
2024/06/17 03:17:21 [notice] 1#1: start worker process 38
2024/06/17 03:17:21 [notice] 1#1: start worker process 39
2024/06/17 03:17:21 [notice] 1#1: start worker process 40
2024/06/17 03:17:21 [notice] 1#1: start worker process 41
2024/06/17 03:17:21 [notice] 1#1: start worker process 42
2024/06/17 03:17:21 [notice] 1#1: start worker process 43
2024/06/17 03:17:21 [notice] 1#1: start worker process 44
2024/06/17 03:17:47 [notice] 1#1: signal 3 (SIGQUIT) received, shutting down
2024/06/17 03:17:47 [notice] 29#29: gracefully shutting down
2024/06/17 03:17:47 [notice] 32#32: gracefully shutting down
2024/06/17 03:17:47 [notice] 30#30: gracefully shutting down
2024/06/17 03:17:47 [notice] 31#31: gracefully shutting down
2024/06/17 03:17:47 [notice] 33#33: gracefully shutting down
2024/06/17 03:17:47 [notice] 34#34: gracefully shutting down
2024/06/17 03:17:47 [notice] 35#35: gracefully shutting down
2024/06/17 03:17:47 [notice] 36#36: gracefully shutting down
2024/06/17 03:17:47 [notice] 37#37: gracefully shutting down
2024/06/17 03:17:47 [notice] 38#38: gracefully shutting down
2024/06/17 03:17:47 [notice] 43#43: gracefully shutting down
2024/06/17 03:17:47 [notice] 41#41: gracefully shutting down
2024/06/17 03:17:47 [notice] 42#42: gracefully shutting down
2024/06/17 03:17:47 [notice] 42#42: exiting
2024/06/17 03:17:47 [notice] 40#40: gracefully shutting down
2024/06/17 03:17:47 [notice] 40#40: exiting
2024/06/17 03:17:47 [notice] 39#39: gracefully shutting down
2024/06/17 03:17:47 [notice] 39#39: exiting
2024/06/17 03:17:47 [notice] 44#44: gracefully shutting down
2024/06/17 03:17:47 [notice] 29#29: exiting
2024/06/17 03:17:47 [notice] 32#32: exiting
2024/06/17 03:17:47 [notice] 31#31: exiting
2024/06/17 03:17:47 [notice] 33#33: exiting
2024/06/17 03:17:47 [notice] 34#34: exiting
2024/06/17 03:17:47 [notice] 35#35: exiting
2024/06/17 03:17:47 [notice] 36#36: exiting
2024/06/17 03:17:47 [notice] 37#37: exiting
2024/06/17 03:17:47 [notice] 38#38: exiting
2024/06/17 03:17:47 [notice] 43#43: exiting
2024/06/17 03:17:47 [notice] 41#41: exiting
2024/06/17 03:17:47 [notice] 42#42: exit
2024/06/17 03:17:47 [notice] 40#40: exit
2024/06/17 03:17:47 [notice] 39#39: exit
2024/06/17 03:17:47 [notice] 44#44: exiting
2024/06/17 03:17:47 [notice] 29#29: exit
2024/06/17 03:17:47 [notice] 32#32: exit
2024/06/17 03:17:47 [notice] 31#31: exit
2024/06/17 03:17:47 [notice] 33#33: exit
2024/06/17 03:17:47 [notice] 34#34: exit
2024/06/17 03:17:47 [notice] 35#35: exit
2024/06/17 03:17:47 [notice] 36#36: exit
2024/06/17 03:17:47 [notice] 37#37: exit
2024/06/17 03:17:47 [notice] 38#38: exit
2024/06/17 03:17:47 [notice] 43#43: exit
2024/06/17 03:17:47 [notice] 41#41: exit
2024/06/17 03:17:47 [notice] 44#44: exit
2024/06/17 03:17:47 [notice] 1#1: signal 17 (SIGCHLD) received from 43
2024/06/17 03:17:47 [notice] 1#1: worker process 29 exited with code 0
2024/06/17 03:17:47 [notice] 1#1: worker process 31 exited with code 0
2024/06/17 03:17:47 [notice] 1#1: worker process 32 exited with code 0
2024/06/17 03:17:47 [notice] 1#1: worker process 33 exited with code 0
2024/06/17 03:17:47 [notice] 1#1: worker process 34 exited with code 0
2024/06/17 03:17:47 [notice] 1#1: worker process 36 exited with code 0
2024/06/17 03:17:47 [notice] 1#1: worker process 37 exited with code 0
2024/06/17 03:17:47 [notice] 1#1: worker process 38 exited with code 0
2024/06/17 03:17:47 [notice] 1#1: worker process 40 exited with code 0
2024/06/17 03:17:47 [notice] 1#1: worker process 41 exited with code 0
2024/06/17 03:17:47 [notice] 1#1: worker process 42 exited with code 0
2024/06/17 03:17:47 [notice] 1#1: worker process 43 exited with code 0
2024/06/17 03:17:47 [notice] 1#1: worker process 44 exited with code 0
2024/06/17 03:17:47 [notice] 1#1: signal 29 (SIGIO) received
2024/06/17 03:17:47 [notice] 1#1: signal 17 (SIGCHLD) received from 32
2024/06/17 03:17:47 [notice] 1#1: signal 17 (SIGCHLD) received from 39
2024/06/17 03:17:47 [notice] 1#1: worker process 35 exited with code 0
2024/06/17 03:17:47 [notice] 1#1: worker process 39 exited with code 0
2024/06/17 03:17:47 [notice] 1#1: signal 29 (SIGIO) received
2024/06/17 23:55:24 [notice] 1#1: using the "epoll" event method
2024/06/17 23:55:24 [notice] 1#1: nginx/1.27.0
2024/06/17 23:55:24 [notice] 1#1: built by gcc 13.2.1 20231014 (Alpine 13.2.1_git20231014) 
2024/06/17 23:55:24 [notice] 1#1: OS: Linux 5.15.146.1-microsoft-standard-WSL2
2024/06/17 23:55:24 [notice] 1#1: getrlimit(RLIMIT_NOFILE): 1048576:1048576
2024/06/17 23:55:24 [notice] 1#1: start worker processes
2024/06/17 23:55:24 [notice] 1#1: start worker process 29
2024/06/17 23:55:24 [notice] 1#1: start worker process 30
2024/06/17 23:55:24 [notice] 1#1: start worker process 31
2024/06/17 23:55:24 [notice] 1#1: start worker process 32
2024/06/17 23:55:24 [notice] 1#1: start worker process 33
2024/06/17 23:55:24 [notice] 1#1: start worker process 34
2024/06/17 23:55:24 [notice] 1#1: start worker process 35
2024/06/17 23:55:24 [notice] 1#1: start worker process 36
2024/06/17 23:55:24 [notice] 1#1: start worker process 37
2024/06/17 23:55:24 [notice] 1#1: start worker process 38
2024/06/17 23:55:24 [notice] 1#1: start worker process 39
2024/06/17 23:55:24 [notice] 1#1: start worker process 40
2024/06/17 23:55:24 [notice] 1#1: start worker process 41
2024/06/17 23:55:24 [notice] 1#1: start worker process 42
2024/06/17 23:55:24 [notice] 1#1: start worker process 43
2024/06/17 23:55:24 [notice] 1#1: start worker process 44
2024/06/18 00:01:21 [notice] 1#1: signal 3 (SIGQUIT) received, shutting down
2024/06/18 00:01:21 [notice] 30#30: gracefully shutting down
2024/06/18 00:01:21 [notice] 35#35: gracefully shutting down
2024/06/18 00:01:21 [notice] 29#29: gracefully shutting down
2024/06/18 00:01:21 [notice] 31#31: gracefully shutting down
2024/06/18 00:01:21 [notice] 33#33: gracefully shutting down
2024/06/18 00:01:21 [notice] 37#37: gracefully shutting down
2024/06/18 00:01:21 [notice] 36#36: gracefully shutting down
2024/06/18 00:01:21 [notice] 34#34: gracefully shutting down
2024/06/18 00:01:21 [notice] 39#39: gracefully shutting down
2024/06/18 00:01:21 [notice] 38#38: gracefully shutting down
2024/06/18 00:01:21 [notice] 42#42: gracefully shutting down
2024/06/18 00:01:21 [notice] 41#41: gracefully shutting down
2024/06/18 00:01:21 [notice] 42#42: exiting
2024/06/18 00:01:21 [notice] 43#43: gracefully shutting down
2024/06/18 00:01:21 [notice] 42#42: exit
2024/06/18 00:01:21 [notice] 40#40: gracefully shutting down
2024/06/18 00:01:21 [notice] 44#44: gracefully shutting down
2024/06/18 00:01:21 [notice] 32#32: gracefully shutting down
2024/06/18 00:01:21 [notice] 30#30: exiting
2024/06/18 00:01:21 [notice] 32#32: exiting
2024/06/18 00:01:21 [notice] 35#35: exiting
2024/06/18 00:01:21 [notice] 29#29: exiting
2024/06/18 00:01:21 [notice] 31#31: exiting
2024/06/18 00:01:21 [notice] 33#33: exiting
2024/06/18 00:01:21 [notice] 37#37: exiting
2024/06/18 00:01:21 [notice] 36#36: exiting
2024/06/18 00:01:21 [notice] 34#34: exiting
2024/06/18 00:01:21 [notice] 39#39: exiting
2024/06/18 00:01:21 [notice] 38#38: exiting
2024/06/18 00:01:21 [notice] 41#41: exiting
2024/06/18 00:01:21 [notice] 43#43: exiting
2024/06/18 00:01:21 [notice] 40#40: exiting
2024/06/18 00:01:21 [notice] 44#44: exiting
2024/06/18 00:01:21 [notice] 30#30: exit
2024/06/18 00:01:21 [notice] 32#32: exit
2024/06/18 00:01:21 [notice] 35#35: exit
2024/06/18 00:01:21 [notice] 29#29: exit
2024/06/18 00:01:21 [notice] 31#31: exit
2024/06/18 00:01:21 [notice] 33#33: exit
2024/06/18 00:01:21 [notice] 37#37: exit
2024/06/18 00:01:21 [notice] 36#36: exit
2024/06/18 00:01:21 [notice] 34#34: exit
2024/06/18 00:01:21 [notice] 39#39: exit
2024/06/18 00:01:21 [notice] 38#38: exit
2024/06/18 00:01:21 [notice] 41#41: exit
2024/06/18 00:01:21 [notice] 43#43: exit
2024/06/18 00:01:21 [notice] 40#40: exit
2024/06/18 00:01:21 [notice] 44#44: exit
2024/06/18 00:01:21 [notice] 1#1: signal 17 (SIGCHLD) received from 34
2024/06/18 00:01:21 [notice] 1#1: worker process 31 exited with code 0
2024/06/18 00:01:21 [notice] 1#1: worker process 34 exited with code 0
2024/06/18 00:01:21 [notice] 1#1: worker process 39 exited with code 0
2024/06/18 00:01:21 [notice] 1#1: worker process 41 exited with code 0
2024/06/18 00:01:21 [notice] 1#1: worker process 42 exited with code 0
2024/06/18 00:01:21 [notice] 1#1: signal 29 (SIGIO) received
2024/06/18 00:01:21 [notice] 1#1: signal 17 (SIGCHLD) received from 42
2024/06/18 00:01:21 [notice] 1#1: signal 17 (SIGCHLD) received from 30
2024/06/18 00:01:21 [notice] 1#1: worker process 30 exited with code 0
2024/06/18 00:01:21 [notice] 1#1: worker process 35 exited with code 0
2024/06/18 00:01:21 [notice] 1#1: worker process 36 exited with code 0
2024/06/18 00:01:21 [notice] 1#1: worker process 40 exited with code 0
2024/06/18 00:01:21 [notice] 1#1: signal 29 (SIGIO) received
2024/06/18 00:01:21 [notice] 1#1: signal 17 (SIGCHLD) received from 35
2024/06/18 00:01:21 [notice] 1#1: signal 17 (SIGCHLD) received from 33
2024/06/18 00:01:21 [notice] 1#1: worker process 32 exited with code 0
2024/06/18 00:01:21 [notice] 1#1: worker process 33 exited with code 0
2024/06/18 00:01:21 [notice] 1#1: worker process 38 exited with code 0
2024/06/18 00:01:21 [notice] 1#1: worker process 43 exited with code 0
2024/06/18 00:01:21 [notice] 1#1: signal 29 (SIGIO) received
2024/06/18 00:01:21 [notice] 1#1: signal 17 (SIGCHLD) received from 32
2024/06/18 00:01:21 [notice] 1#1: signal 17 (SIGCHLD) received from 44
2024/06/18 00:01:21 [notice] 1#1: worker process 44 exited with code 0
2024/06/18 00:01:21 [notice] 1#1: signal 29 (SIGIO) received
2024/06/18 00:01:21 [notice] 1#1: signal 17 (SIGCHLD) received from 37
2024/06/18 00:01:21 [notice] 1#1: worker process 29 exited with code 0
2024/06/18 00:01:21 [notice] 1#1: worker process 37 exited with code 0
2024/06/18 00:01:21 [notice] 1#1: exit
2024/06/18 00:01:33 [notice] 1#1: using the "epoll" event method
2024/06/18 00:01:33 [notice] 1#1: nginx/1.27.0
2024/06/18 00:01:33 [notice] 1#1: built by gcc 13.2.1 20231014 (Alpine 13.2.1_git20231014) 
2024/06/18 00:01:33 [notice] 1#1: OS: Linux 5.15.146.1-microsoft-standard-WSL2
2024/06/18 00:01:33 [notice] 1#1: getrlimit(RLIMIT_NOFILE): 1048576:1048576
2024/06/18 00:01:33 [notice] 1#1: start worker processes
2024/06/18 00:01:33 [notice] 1#1: start worker process 29
2024/06/18 00:01:33 [notice] 1#1: start worker process 30
2024/06/18 00:01:33 [notice] 1#1: start worker process 31
2024/06/18 00:01:33 [notice] 1#1: start worker process 32
2024/06/18 00:01:33 [notice] 1#1: start worker process 33
2024/06/18 00:01:33 [notice] 1#1: start worker process 34
2024/06/18 00:01:33 [notice] 1#1: start worker process 35
2024/06/18 00:01:33 [notice] 1#1: start worker process 36
2024/06/18 00:01:33 [notice] 1#1: start worker process 37
2024/06/18 00:01:33 [notice] 1#1: start worker process 38
2024/06/18 00:01:33 [notice] 1#1: start worker process 39
2024/06/18 00:01:33 [notice] 1#1: start worker process 40
2024/06/18 00:01:33 [notice] 1#1: start worker process 41
2024/06/18 00:01:33 [notice] 1#1: start worker process 42
2024/06/18 00:01:33 [notice] 1#1: start worker process 43
2024/06/18 00:01:33 [notice] 1#1: start worker process 44
2024/06/18 00:01:41 [notice] 1#1: signal 3 (SIGQUIT) received, shutting down
2024/06/18 00:01:41 [notice] 29#29: gracefully shutting down
2024/06/18 00:01:41 [notice] 30#30: gracefully shutting down
2024/06/18 00:01:41 [notice] 31#31: gracefully shutting down
2024/06/18 00:01:41 [notice] 32#32: gracefully shutting down
2024/06/18 00:01:41 [notice] 33#33: gracefully shutting down
2024/06/18 00:01:41 [notice] 34#34: gracefully shutting down
2024/06/18 00:01:41 [notice] 34#34: exiting
2024/06/18 00:01:41 [notice] 35#35: gracefully shutting down
2024/06/18 00:01:41 [notice] 36#36: gracefully shutting down
2024/06/18 00:01:41 [notice] 37#37: gracefully shutting down
2024/06/18 00:01:41 [notice] 38#38: gracefully shutting down
2024/06/18 00:01:41 [notice] 39#39: gracefully shutting down
2024/06/18 00:01:41 [notice] 40#40: gracefully shutting down
2024/06/18 00:01:41 [notice] 41#41: gracefully shutting down
2024/06/18 00:01:41 [notice] 41#41: exiting
2024/06/18 00:01:41 [notice] 43#43: gracefully shutting down
2024/06/18 00:01:41 [notice] 42#42: gracefully shutting down
2024/06/18 00:01:41 [notice] 44#44: gracefully shutting down
2024/06/18 00:01:41 [notice] 29#29: exiting
2024/06/18 00:01:41 [notice] 30#30: exiting
2024/06/18 00:01:41 [notice] 31#31: exiting
2024/06/18 00:01:41 [notice] 32#32: exiting
2024/06/18 00:01:41 [notice] 33#33: exiting
2024/06/18 00:01:41 [notice] 35#35: exiting
2024/06/18 00:01:41 [notice] 33#33: exit
2024/06/18 00:01:41 [notice] 34#34: exit
2024/06/18 00:01:41 [notice] 36#36: exiting
2024/06/18 00:01:41 [notice] 37#37: exiting
2024/06/18 00:01:41 [notice] 38#38: exiting
2024/06/18 00:01:41 [notice] 39#39: exiting
2024/06/18 00:01:41 [notice] 40#40: exiting
2024/06/18 00:01:41 [notice] 41#41: exit
2024/06/18 00:01:41 [notice] 43#43: exiting
2024/06/18 00:01:41 [notice] 42#42: exiting
2024/06/18 00:01:41 [notice] 44#44: exiting
2024/06/18 00:01:41 [notice] 29#29: exit
2024/06/18 00:01:41 [notice] 30#30: exit
2024/06/18 00:01:41 [notice] 31#31: exit
2024/06/18 00:01:41 [notice] 32#32: exit
2024/06/18 00:01:41 [notice] 35#35: exit
2024/06/18 00:01:41 [notice] 36#36: exit
2024/06/18 00:01:41 [notice] 37#37: exit
2024/06/18 00:01:41 [notice] 38#38: exit
2024/06/18 00:01:41 [notice] 39#39: exit
2024/06/18 00:01:41 [notice] 40#40: exit
2024/06/18 00:01:41 [notice] 43#43: exit
2024/06/18 00:01:41 [notice] 42#42: exit
2024/06/18 00:01:41 [notice] 44#44: exit
2024/06/18 00:01:41 [notice] 1#1: signal 17 (SIGCHLD) received from 33
2024/06/18 00:01:41 [notice] 1#1: worker process 30 exited with code 0
2024/06/18 00:01:41 [notice] 1#1: worker process 33 exited with code 0
2024/06/18 00:01:41 [notice] 1#1: worker process 38 exited with code 0
2024/06/18 00:01:41 [notice] 1#1: worker process 41 exited with code 0
2024/06/18 00:01:41 [notice] 1#1: worker process 42 exited with code 0
2024/06/18 00:01:41 [notice] 1#1: signal 29 (SIGIO) received
2024/06/18 00:01:41 [notice] 1#1: signal 17 (SIGCHLD) received from 41
2024/06/18 00:01:41 [notice] 1#1: signal 17 (SIGCHLD) received from 34
2024/06/18 00:01:41 [notice] 1#1: worker process 29 exited with code 0
2024/06/18 00:01:41 [notice] 1#1: worker process 31 exited with code 0
2024/06/18 00:01:41 [notice] 1#1: worker process 34 exited with code 0
2024/06/18 00:01:41 [notice] 1#1: worker process 35 exited with code 0
2024/06/18 00:01:41 [notice] 1#1: worker process 37 exited with code 0
2024/06/18 00:01:41 [notice] 1#1: worker process 39 exited with code 0
2024/06/18 00:01:41 [notice] 1#1: worker process 40 exited with code 0
2024/06/18 00:01:41 [notice] 1#1: worker process 44 exited with code 0
2024/06/18 00:01:41 [notice] 1#1: signal 29 (SIGIO) received
2024/06/18 00:01:41 [notice] 1#1: signal 17 (SIGCHLD) received from 36
2024/06/18 00:01:41 [notice] 1#1: worker process 32 exited with code 0
2024/06/18 00:01:41 [notice] 1#1: worker process 36 exited with code 0
2024/06/18 00:01:41 [notice] 1#1: signal 29 (SIGIO) received
2024/06/18 00:01:41 [notice] 1#1: signal 17 (SIGCHLD) received from 43
2024/06/18 00:01:41 [notice] 1#1: worker process 43 exited with code 0
2024/06/18 00:01:41 [notice] 1#1: exit
2024/06/18 00:03:10 [notice] 1#1: using the "epoll" event method
2024/06/18 00:03:10 [notice] 1#1: nginx/1.27.0
2024/06/18 00:03:10 [notice] 1#1: built by gcc 13.2.1 20231014 (Alpine 13.2.1_git20231014) 
2024/06/18 00:03:10 [notice] 1#1: OS: Linux 5.15.146.1-microsoft-standard-WSL2
2024/06/18 00:03:10 [notice] 1#1: getrlimit(RLIMIT_NOFILE): 1048576:1048576
2024/06/18 00:03:10 [notice] 1#1: start worker processes
2024/06/18 00:03:10 [notice] 1#1: start worker process 29
2024/06/18 00:03:10 [notice] 1#1: start worker process 30
2024/06/18 00:03:10 [notice] 1#1: start worker process 31
2024/06/18 00:03:10 [notice] 1#1: start worker process 32
2024/06/18 00:03:10 [notice] 1#1: start worker process 33
2024/06/18 00:03:10 [notice] 1#1: start worker process 34
2024/06/18 00:03:10 [notice] 1#1: start worker process 35
2024/06/18 00:03:10 [notice] 1#1: start worker process 36
2024/06/18 00:03:10 [notice] 1#1: start worker process 37
2024/06/18 00:03:10 [notice] 1#1: start worker process 38
2024/06/18 00:03:10 [notice] 1#1: start worker process 39
2024/06/18 00:03:10 [notice] 1#1: start worker process 40
2024/06/18 00:03:10 [notice] 1#1: start worker process 41
2024/06/18 00:03:10 [notice] 1#1: start worker process 42
2024/06/18 00:03:10 [notice] 1#1: start worker process 43
2024/06/18 00:03:10 [notice] 1#1: start worker process 44
2024/06/18 00:11:10 [error] 29#29: *1 open() "/var/www/html/favicon.ico" failed (2: No such file or directory), client: 172.19.0.1, server: , request: "GET /favicon.ico HTTP/1.1", host: "localhost:8080", referrer: "http://localhost:8080/"
2024/06/18 00:17:49 [notice] 1#1: signal 3 (SIGQUIT) received, shutting down
2024/06/18 00:17:49 [notice] 30#30: gracefully shutting down
2024/06/18 00:17:49 [notice] 39#39: gracefully shutting down
2024/06/18 00:17:49 [notice] 30#30: exiting
2024/06/18 00:17:49 [notice] 33#33: gracefully shutting down
2024/06/18 00:17:49 [notice] 38#38: gracefully shutting down
2024/06/18 00:17:49 [notice] 43#43: gracefully shutting down
2024/06/18 00:17:49 [notice] 41#41: gracefully shutting down
2024/06/18 00:17:49 [notice] 41#41: exiting
2024/06/18 00:17:49 [notice] 40#40: gracefully shutting down
2024/06/18 00:17:49 [notice] 42#42: gracefully shutting down
2024/06/18 00:17:49 [notice] 44#44: gracefully shutting down
2024/06/18 00:17:49 [notice] 35#35: gracefully shutting down
2024/06/18 00:17:49 [notice] 37#37: gracefully shutting down
2024/06/18 00:17:49 [notice] 35#35: exiting
2024/06/18 00:17:49 [notice] 32#32: gracefully shutting down
2024/06/18 00:17:49 [notice] 31#31: gracefully shutting down
2024/06/18 00:17:49 [notice] 34#34: gracefully shutting down
2024/06/18 00:17:49 [notice] 31#31: exiting
2024/06/18 00:17:49 [notice] 36#36: gracefully shutting down
2024/06/18 00:17:49 [notice] 29#29: gracefully shutting down
2024/06/18 00:17:49 [notice] 39#39: exiting
2024/06/18 00:17:49 [notice] 29#29: exiting
2024/06/18 00:17:49 [notice] 30#30: exit
2024/06/18 00:17:49 [notice] 43#43: exiting
2024/06/18 00:17:49 [notice] 38#38: exiting
2024/06/18 00:17:49 [notice] 41#41: exit
2024/06/18 00:17:49 [notice] 42#42: exiting
2024/06/18 00:17:49 [notice] 40#40: exiting
2024/06/18 00:17:49 [notice] 44#44: exiting
2024/06/18 00:17:49 [notice] 37#37: exiting
2024/06/18 00:17:49 [notice] 35#35: exit
2024/06/18 00:17:49 [notice] 32#32: exiting
2024/06/18 00:17:49 [notice] 34#34: exiting
2024/06/18 00:17:49 [notice] 31#31: exit
2024/06/18 00:17:49 [notice] 34#34: exit
2024/06/18 00:17:49 [notice] 36#36: exiting
2024/06/18 00:17:49 [notice] 36#36: exit
2024/06/18 00:17:49 [notice] 39#39: exit
2024/06/18 00:17:49 [notice] 29#29: exit
2024/06/18 00:17:49 [notice] 43#43: exit
2024/06/18 00:17:49 [notice] 38#38: exit
2024/06/18 00:17:49 [notice] 42#42: exit
2024/06/18 00:17:49 [notice] 40#40: exit
2024/06/18 00:17:49 [notice] 44#44: exit
2024/06/18 00:17:49 [notice] 37#37: exit
2024/06/18 00:17:49 [notice] 32#32: exit
2024/06/18 00:17:49 [notice] 1#1: signal 17 (SIGCHLD) received from 42
2024/06/18 00:17:49 [notice] 1#1: worker process 36 exited with code 0
2024/06/18 00:17:49 [notice] 1#1: worker process 34 exited with code 0
2024/06/18 00:17:49 [notice] 1#1: worker process 29 exited with code 0
2024/06/18 00:17:49 [notice] 1#1: worker process 30 exited with code 0
2024/06/18 00:17:49 [notice] 1#1: worker process 31 exited with code 0
2024/06/18 00:17:49 [notice] 1#1: worker process 38 exited with code 0
2024/06/18 00:17:49 [notice] 1#1: worker process 40 exited with code 0
2024/06/18 00:17:49 [notice] 1#1: worker process 41 exited with code 0
2024/06/18 00:17:49 [notice] 1#1: worker process 42 exited with code 0
2024/06/18 00:17:49 [notice] 1#1: signal 29 (SIGIO) received
2024/06/18 00:17:49 [notice] 1#1: signal 17 (SIGCHLD) received from 41
2024/06/18 00:17:49 [notice] 1#1: signal 17 (SIGCHLD) received from 35
2024/06/18 00:17:49 [notice] 1#1: worker process 32 exited with code 0
2024/06/18 00:17:49 [notice] 1#1: worker process 35 exited with code 0
2024/06/18 00:17:49 [notice] 1#1: worker process 39 exited with code 0
2024/06/18 00:17:49 [notice] 1#1: signal 29 (SIGIO) received
2024/06/18 00:17:49 [notice] 1#1: signal 17 (SIGCHLD) received from 37
2024/06/18 00:17:49 [notice] 1#1: worker process 37 exited with code 0
2024/06/18 00:17:49 [notice] 1#1: worker process 43 exited with code 0
2024/06/18 00:17:49 [notice] 1#1: worker process 44 exited with code 0
2024/06/18 00:17:49 [notice] 1#1: signal 29 (SIGIO) received
2024/06/18 00:17:49 [notice] 1#1: signal 17 (SIGCHLD) received from 44
2024/06/18 00:17:52 [notice] 1#1: using the "epoll" event method
2024/06/18 00:17:52 [notice] 1#1: nginx/1.27.0
2024/06/18 00:17:52 [notice] 1#1: built by gcc 13.2.1 20231014 (Alpine 13.2.1_git20231014) 
2024/06/18 00:17:52 [notice] 1#1: OS: Linux 5.15.146.1-microsoft-standard-WSL2
2024/06/18 00:17:52 [notice] 1#1: getrlimit(RLIMIT_NOFILE): 1048576:1048576
2024/06/18 00:17:52 [notice] 1#1: start worker processes
2024/06/18 00:17:52 [notice] 1#1: start worker process 29
2024/06/18 00:17:52 [notice] 1#1: start worker process 30
2024/06/18 00:17:52 [notice] 1#1: start worker process 31
2024/06/18 00:17:52 [notice] 1#1: start worker process 32
2024/06/18 00:17:52 [notice] 1#1: start worker process 33
2024/06/18 00:17:52 [notice] 1#1: start worker process 34
2024/06/18 00:17:52 [notice] 1#1: start worker process 35
2024/06/18 00:17:52 [notice] 1#1: start worker process 36
2024/06/18 00:17:52 [notice] 1#1: start worker process 37
2024/06/18 00:17:52 [notice] 1#1: start worker process 38
2024/06/18 00:17:52 [notice] 1#1: start worker process 39
2024/06/18 00:17:52 [notice] 1#1: start worker process 40
2024/06/18 00:17:52 [notice] 1#1: start worker process 41
2024/06/18 00:17:52 [notice] 1#1: start worker process 42
2024/06/18 00:17:52 [notice] 1#1: start worker process 43
2024/06/18 00:17:52 [notice] 1#1: start worker process 44
2024/06/18 00:20:31 [notice] 1#1: signal 3 (SIGQUIT) received, shutting down
2024/06/18 00:20:31 [notice] 31#31: gracefully shutting down
2024/06/18 00:20:31 [notice] 30#30: gracefully shutting down
2024/06/18 00:20:31 [notice] 32#32: gracefully shutting down
2024/06/18 00:20:31 [notice] 33#33: gracefully shutting down
2024/06/18 00:20:31 [notice] 34#34: gracefully shutting down
2024/06/18 00:20:31 [notice] 29#29: gracefully shutting down
2024/06/18 00:20:31 [notice] 35#35: gracefully shutting down
2024/06/18 00:20:31 [notice] 35#35: exiting
2024/06/18 00:20:31 [notice] 36#36: gracefully shutting down
2024/06/18 00:20:31 [notice] 36#36: exiting
2024/06/18 00:20:31 [notice] 37#37: gracefully shutting down
2024/06/18 00:20:31 [notice] 38#38: gracefully shutting down
2024/06/18 00:20:31 [notice] 41#41: gracefully shutting down
2024/06/18 00:20:31 [notice] 43#43: gracefully shutting down
2024/06/18 00:20:31 [notice] 43#43: exiting
2024/06/18 00:20:31 [notice] 40#40: gracefully shutting down
2024/06/18 00:20:31 [notice] 42#42: gracefully shutting down
2024/06/18 00:20:31 [notice] 39#39: gracefully shutting down
2024/06/18 00:20:31 [notice] 44#44: gracefully shutting down
2024/06/18 00:20:31 [notice] 31#31: exiting
2024/06/18 00:20:31 [notice] 30#30: exiting
2024/06/18 00:20:31 [notice] 32#32: exiting
2024/06/18 00:20:31 [notice] 33#33: exiting
2024/06/18 00:20:31 [notice] 34#34: exiting
2024/06/18 00:20:31 [notice] 29#29: exiting
2024/06/18 00:20:31 [notice] 35#35: exit
2024/06/18 00:20:31 [notice] 36#36: exit
2024/06/18 00:20:31 [notice] 37#37: exiting
2024/06/18 00:20:31 [notice] 38#38: exiting
2024/06/18 00:20:31 [notice] 41#41: exiting
2024/06/18 00:20:31 [notice] 43#43: exit
2024/06/18 00:20:31 [notice] 40#40: exiting
2024/06/18 00:20:31 [notice] 40#40: exit
2024/06/18 00:20:31 [notice] 42#42: exiting
2024/06/18 00:20:31 [notice] 39#39: exiting
2024/06/18 00:20:31 [notice] 44#44: exiting
2024/06/18 00:20:31 [notice] 31#31: exit
2024/06/18 00:20:31 [notice] 30#30: exit
2024/06/18 00:20:31 [notice] 32#32: exit
2024/06/18 00:20:31 [notice] 33#33: exit
2024/06/18 00:20:31 [notice] 34#34: exit
2024/06/18 00:20:31 [notice] 29#29: exit
2024/06/18 00:20:31 [notice] 37#37: exit
2024/06/18 00:20:31 [notice] 38#38: exit
2024/06/18 00:20:31 [notice] 41#41: exit
2024/06/18 00:20:31 [notice] 42#42: exit
2024/06/18 00:20:31 [notice] 39#39: exit
2024/06/18 00:20:31 [notice] 44#44: exit
2024/06/18 00:20:31 [notice] 1#1: signal 17 (SIGCHLD) received from 37
2024/06/18 00:20:31 [notice] 1#1: worker process 37 exited with code 0
2024/06/18 00:20:31 [notice] 1#1: signal 29 (SIGIO) received
2024/06/18 00:20:31 [notice] 1#1: signal 17 (SIGCHLD) received from 35
2024/06/18 00:20:31 [notice] 1#1: worker process 30 exited with code 0
2024/06/18 00:20:31 [notice] 1#1: worker process 31 exited with code 0
2024/06/18 00:20:31 [notice] 1#1: worker process 32 exited with code 0
2024/06/18 00:20:31 [notice] 1#1: worker process 33 exited with code 0
2024/06/18 00:20:31 [notice] 1#1: worker process 34 exited with code 0
2024/06/18 00:20:31 [notice] 1#1: worker process 35 exited with code 0
2024/06/18 00:20:31 [notice] 1#1: worker process 36 exited with code 0
2024/06/18 00:20:31 [notice] 1#1: worker process 38 exited with code 0
2024/06/18 00:20:31 [notice] 1#1: worker process 39 exited with code 0
2024/06/18 00:20:31 [notice] 1#1: worker process 40 exited with code 0
2024/06/18 00:20:31 [notice] 1#1: worker process 41 exited with code 0
2024/06/18 00:20:31 [notice] 1#1: worker process 43 exited with code 0
2024/06/18 00:20:31 [notice] 1#1: signal 29 (SIGIO) received
2024/06/18 00:20:32 [notice] 1#1: signal 17 (SIGCHLD) received from 34
2024/06/18 00:20:32 [notice] 1#1: signal 17 (SIGCHLD) received from 42
2024/06/18 00:20:32 [notice] 1#1: worker process 29 exited with code 0
2024/06/18 00:20:32 [notice] 1#1: worker process 42 exited with code 0
2024/06/18 00:20:32 [notice] 1#1: worker process 44 exited with code 0
2024/06/18 00:20:32 [notice] 1#1: exit
2024/06/18 00:25:27 [notice] 1#1: using the "epoll" event method
2024/06/18 00:25:27 [notice] 1#1: nginx/1.27.0
2024/06/18 00:25:27 [notice] 1#1: built by gcc 13.2.1 20231014 (Alpine 13.2.1_git20231014) 
2024/06/18 00:25:27 [notice] 1#1: OS: Linux 5.15.146.1-microsoft-standard-WSL2
2024/06/18 00:25:27 [notice] 1#1: getrlimit(RLIMIT_NOFILE): 1048576:1048576
2024/06/18 00:25:27 [notice] 1#1: start worker processes
2024/06/18 00:25:27 [notice] 1#1: start worker process 29
2024/06/18 00:25:27 [notice] 1#1: start worker process 30
2024/06/18 00:25:27 [notice] 1#1: start worker process 31
2024/06/18 00:25:27 [notice] 1#1: start worker process 32
2024/06/18 00:25:27 [notice] 1#1: start worker process 33
2024/06/18 00:25:27 [notice] 1#1: start worker process 34
2024/06/18 00:25:27 [notice] 1#1: start worker process 35
2024/06/18 00:25:27 [notice] 1#1: start worker process 36
2024/06/18 00:25:27 [notice] 1#1: start worker process 37
2024/06/18 00:25:27 [notice] 1#1: start worker process 38
2024/06/18 00:25:27 [notice] 1#1: start worker process 39
2024/06/18 00:25:27 [notice] 1#1: start worker process 40
2024/06/18 00:25:27 [notice] 1#1: start worker process 41
2024/06/18 00:25:27 [notice] 1#1: start worker process 42
2024/06/18 00:25:27 [notice] 1#1: start worker process 43
2024/06/18 00:25:27 [notice] 1#1: start worker process 44
2024/06/18 00:26:27 [notice] 1#1: signal 3 (SIGQUIT) received, shutting down
2024/06/18 00:26:27 [notice] 36#36: gracefully shutting down
2024/06/18 00:26:27 [notice] 31#31: gracefully shutting down
2024/06/18 00:26:27 [notice] 33#33: gracefully shutting down
2024/06/18 00:26:27 [notice] 33#33: exiting
2024/06/18 00:26:27 [notice] 37#37: gracefully shutting down
2024/06/18 00:26:27 [notice] 39#39: gracefully shutting down
2024/06/18 00:26:27 [notice] 38#38: gracefully shutting down
2024/06/18 00:26:27 [notice] 42#42: gracefully shutting down
2024/06/18 00:26:27 [notice] 43#43: gracefully shutting down
2024/06/18 00:26:27 [notice] 41#41: gracefully shutting down
2024/06/18 00:26:27 [notice] 43#43: exiting
2024/06/18 00:26:27 [notice] 44#44: gracefully shutting down
2024/06/18 00:26:27 [notice] 44#44: exiting
2024/06/18 00:26:27 [notice] 29#29: gracefully shutting down
2024/06/18 00:26:27 [notice] 29#29: exiting
2024/06/18 00:26:27 [notice] 32#32: gracefully shutting down
2024/06/18 00:26:27 [notice] 30#30: gracefully shutting down
2024/06/18 00:26:27 [notice] 40#40: gracefully shutting down
2024/06/18 00:26:27 [notice] 40#40: exiting
2024/06/18 00:26:27 [notice] 35#35: gracefully shutting down
2024/06/18 00:26:27 [notice] 35#35: exiting
2024/06/18 00:26:27 [notice] 34#34: gracefully shutting down
2024/06/18 00:26:27 [notice] 36#36: exiting
2024/06/18 00:26:27 [notice] 31#31: exiting
2024/06/18 00:26:27 [notice] 33#33: exit
2024/06/18 00:26:27 [notice] 37#37: exiting
2024/06/18 00:26:27 [notice] 39#39: exiting
2024/06/18 00:26:27 [notice] 38#38: exiting
2024/06/18 00:26:27 [notice] 39#39: exit
2024/06/18 00:26:27 [notice] 42#42: exiting
2024/06/18 00:26:27 [notice] 41#41: exiting
2024/06/18 00:26:27 [notice] 43#43: exit
2024/06/18 00:26:27 [notice] 44#44: exit
2024/06/18 00:26:27 [notice] 32#32: exiting
2024/06/18 00:26:27 [notice] 30#30: exiting
2024/06/18 00:26:27 [notice] 29#29: exit
2024/06/18 00:26:27 [notice] 40#40: exit
2024/06/18 00:26:27 [notice] 35#35: exit
2024/06/18 00:26:27 [notice] 34#34: exiting
2024/06/18 00:26:27 [notice] 36#36: exit
2024/06/18 00:26:27 [notice] 31#31: exit
2024/06/18 00:26:27 [notice] 37#37: exit
2024/06/18 00:26:27 [notice] 38#38: exit
2024/06/18 00:26:27 [notice] 42#42: exit
2024/06/18 00:26:27 [notice] 41#41: exit
2024/06/18 00:26:27 [notice] 32#32: exit
2024/06/18 00:26:27 [notice] 30#30: exit
2024/06/18 00:26:27 [notice] 34#34: exit
2024/06/18 00:26:27 [notice] 1#1: signal 17 (SIGCHLD) received from 39
2024/06/18 00:26:27 [notice] 1#1: worker process 39 exited with code 0
2024/06/18 00:26:27 [notice] 1#1: signal 29 (SIGIO) received
2024/06/18 00:26:27 [notice] 1#1: signal 17 (SIGCHLD) received from 41
2024/06/18 00:26:27 [notice] 1#1: worker process 34 exited with code 0
2024/06/18 00:26:27 [notice] 1#1: worker process 35 exited with code 0
2024/06/18 00:26:27 [notice] 1#1: worker process 36 exited with code 0
2024/06/18 00:26:27 [notice] 1#1: worker process 37 exited with code 0
2024/06/18 00:26:27 [notice] 1#1: worker process 38 exited with code 0
2024/06/18 00:26:27 [notice] 1#1: worker process 41 exited with code 0
2024/06/18 00:26:27 [notice] 1#1: worker process 43 exited with code 0
2024/06/18 00:26:27 [notice] 1#1: worker process 44 exited with code 0
2024/06/18 00:26:27 [notice] 1#1: signal 29 (SIGIO) received
2024/06/18 00:26:27 [notice] 1#1: signal 17 (SIGCHLD) received from 43
2024/06/18 00:26:27 [notice] 1#1: signal 17 (SIGCHLD) received from 42
2024/06/18 00:26:27 [notice] 1#1: worker process 29 exited with code 0
2024/06/18 00:26:27 [notice] 1#1: worker process 32 exited with code 0
2024/06/18 00:26:27 [notice] 1#1: worker process 42 exited with code 0
2024/06/18 00:26:27 [notice] 1#1: signal 29 (SIGIO) received
2024/06/18 00:26:27 [notice] 1#1: signal 17 (SIGCHLD) received from 31
2024/06/18 00:26:27 [notice] 1#1: worker process 30 exited with code 0
2024/06/18 00:26:27 [notice] 1#1: worker process 31 exited with code 0
2024/06/18 00:26:27 [notice] 1#1: worker process 33 exited with code 0
2024/06/18 00:26:27 [notice] 1#1: signal 29 (SIGIO) received
2024/06/18 00:27:06 [notice] 1#1: using the "epoll" event method
2024/06/18 00:27:06 [notice] 1#1: nginx/1.27.0
2024/06/18 00:27:06 [notice] 1#1: built by gcc 13.2.1 20231014 (Alpine 13.2.1_git20231014) 
2024/06/18 00:27:06 [notice] 1#1: OS: Linux 5.15.146.1-microsoft-standard-WSL2
2024/06/18 00:27:06 [notice] 1#1: getrlimit(RLIMIT_NOFILE): 1048576:1048576
2024/06/18 00:27:06 [notice] 1#1: start worker processes
2024/06/18 00:27:06 [notice] 1#1: start worker process 29
2024/06/18 00:27:06 [notice] 1#1: start worker process 30
2024/06/18 00:27:06 [notice] 1#1: start worker process 31
2024/06/18 00:27:06 [notice] 1#1: start worker process 32
2024/06/18 00:27:06 [notice] 1#1: start worker process 33
2024/06/18 00:27:06 [notice] 1#1: start worker process 34
2024/06/18 00:27:06 [notice] 1#1: start worker process 35
2024/06/18 00:27:06 [notice] 1#1: start worker process 36
2024/06/18 00:27:06 [notice] 1#1: start worker process 37
2024/06/18 00:27:06 [notice] 1#1: start worker process 38
2024/06/18 00:27:06 [notice] 1#1: start worker process 39
2024/06/18 00:27:06 [notice] 1#1: start worker process 40
2024/06/18 00:27:06 [notice] 1#1: start worker process 41
2024/06/18 00:27:06 [notice] 1#1: start worker process 42
2024/06/18 00:27:06 [notice] 1#1: start worker process 43
2024/06/18 00:27:06 [notice] 1#1: start worker process 44
2024/06/18 00:29:57 [notice] 1#1: signal 3 (SIGQUIT) received, shutting down
2024/06/18 00:29:57 [notice] 32#32: gracefully shutting down
2024/06/18 00:29:57 [notice] 37#37: gracefully shutting down
2024/06/18 00:29:57 [notice] 37#37: exiting
2024/06/18 00:29:57 [notice] 30#30: gracefully shutting down
2024/06/18 00:29:57 [notice] 33#33: gracefully shutting down
2024/06/18 00:29:57 [notice] 34#34: gracefully shutting down
2024/06/18 00:29:57 [notice] 35#35: gracefully shutting down
2024/06/18 00:29:57 [notice] 36#36: gracefully shutting down
2024/06/18 00:29:57 [notice] 29#29: gracefully shutting down
2024/06/18 00:29:57 [notice] 38#38: gracefully shutting down
2024/06/18 00:29:57 [notice] 38#38: exiting
2024/06/18 00:29:57 [notice] 42#42: gracefully shutting down
2024/06/18 00:29:57 [notice] 39#39: gracefully shutting down
2024/06/18 00:29:57 [notice] 39#39: exiting
2024/06/18 00:29:57 [notice] 41#41: gracefully shutting down
2024/06/18 00:29:57 [notice] 40#40: gracefully shutting down
2024/06/18 00:29:57 [notice] 40#40: exiting
2024/06/18 00:29:57 [notice] 31#31: gracefully shutting down
2024/06/18 00:29:57 [notice] 43#43: gracefully shutting down
2024/06/18 00:29:57 [notice] 43#43: exiting
2024/06/18 00:29:57 [notice] 44#44: gracefully shutting down
2024/06/18 00:29:57 [notice] 44#44: exiting
2024/06/18 00:29:57 [notice] 32#32: exiting
2024/06/18 00:29:57 [notice] 37#37: exit
2024/06/18 00:29:57 [notice] 30#30: exiting
2024/06/18 00:29:57 [notice] 33#33: exiting
2024/06/18 00:29:57 [notice] 34#34: exiting
2024/06/18 00:29:57 [notice] 35#35: exiting
2024/06/18 00:29:57 [notice] 36#36: exiting
2024/06/18 00:29:57 [notice] 29#29: exiting
2024/06/18 00:29:57 [notice] 38#38: exit
2024/06/18 00:29:57 [notice] 42#42: exiting
2024/06/18 00:29:57 [notice] 39#39: exit
2024/06/18 00:29:57 [notice] 41#41: exiting
2024/06/18 00:29:57 [notice] 40#40: exit
2024/06/18 00:29:57 [notice] 31#31: exiting
2024/06/18 00:29:57 [notice] 43#43: exit
2024/06/18 00:29:57 [notice] 44#44: exit
2024/06/18 00:29:57 [notice] 32#32: exit
2024/06/18 00:29:57 [notice] 30#30: exit
2024/06/18 00:29:57 [notice] 33#33: exit
2024/06/18 00:29:57 [notice] 34#34: exit
2024/06/18 00:29:57 [notice] 35#35: exit
2024/06/18 00:29:57 [notice] 36#36: exit
2024/06/18 00:29:57 [notice] 29#29: exit
2024/06/18 00:29:57 [notice] 42#42: exit
2024/06/18 00:29:57 [notice] 41#41: exit
2024/06/18 00:29:57 [notice] 31#31: exit
2024/06/18 00:29:57 [notice] 1#1: signal 17 (SIGCHLD) received from 44
2024/06/18 00:29:57 [notice] 1#1: worker process 37 exited with code 0
2024/06/18 00:29:57 [notice] 1#1: worker process 40 exited with code 0
2024/06/18 00:29:57 [notice] 1#1: worker process 43 exited with code 0
2024/06/18 00:29:57 [notice] 1#1: worker process 44 exited with code 0
2024/06/18 00:29:57 [notice] 1#1: signal 29 (SIGIO) received
2024/06/18 00:29:57 [notice] 1#1: signal 17 (SIGCHLD) received from 43
2024/06/18 00:29:57 [notice] 1#1: signal 17 (SIGCHLD) received from 39
2024/06/18 00:29:57 [notice] 1#1: worker process 32 exited with code 0
2024/06/18 00:29:57 [notice] 1#1: worker process 38 exited with code 0
2024/06/18 00:29:57 [notice] 1#1: worker process 39 exited with code 0
2024/06/18 00:29:57 [notice] 1#1: signal 29 (SIGIO) received
2024/06/18 00:29:57 [notice] 1#1: signal 17 (SIGCHLD) received from 32
2024/06/18 00:29:57 [notice] 1#1: signal 17 (SIGCHLD) received from 30
2024/06/18 00:29:57 [notice] 1#1: worker process 30 exited with code 0
2024/06/18 00:29:57 [notice] 1#1: signal 29 (SIGIO) received
2024/06/18 00:29:57 [notice] 1#1: signal 17 (SIGCHLD) received from 35
2024/06/18 00:29:57 [notice] 1#1: worker process 35 exited with code 0
2024/06/18 00:29:57 [notice] 1#1: signal 29 (SIGIO) received
2024/06/18 00:29:57 [notice] 1#1: signal 17 (SIGCHLD) received from 29
2024/06/18 00:29:57 [notice] 1#1: worker process 29 exited with code 0
2024/06/18 00:29:57 [notice] 1#1: worker process 31 exited with code 0
2024/06/18 00:29:57 [notice] 1#1: worker process 33 exited with code 0
2024/06/18 00:29:57 [notice] 1#1: worker process 34 exited with code 0
2024/06/18 00:29:57 [notice] 1#1: worker process 36 exited with code 0
2024/06/18 00:29:57 [notice] 1#1: worker process 41 exited with code 0
2024/06/18 00:29:57 [notice] 1#1: signal 29 (SIGIO) received
2024/06/18 00:29:57 [notice] 1#1: signal 17 (SIGCHLD) received from 36
2024/06/18 00:29:57 [notice] 1#1: signal 17 (SIGCHLD) received from 42
2024/06/18 00:29:57 [notice] 1#1: worker process 42 exited with code 0
2024/06/18 00:29:57 [notice] 1#1: exit
2024/06/18 00:30:01 [notice] 1#1: using the "epoll" event method
2024/06/18 00:30:01 [notice] 1#1: nginx/1.27.0
2024/06/18 00:30:01 [notice] 1#1: built by gcc 13.2.1 20231014 (Alpine 13.2.1_git20231014) 
2024/06/18 00:30:01 [notice] 1#1: OS: Linux 5.15.146.1-microsoft-standard-WSL2
2024/06/18 00:30:01 [notice] 1#1: getrlimit(RLIMIT_NOFILE): 1048576:1048576
2024/06/18 00:30:01 [notice] 1#1: start worker processes
2024/06/18 00:30:01 [notice] 1#1: start worker process 29
2024/06/18 00:30:01 [notice] 1#1: start worker process 30
2024/06/18 00:30:01 [notice] 1#1: start worker process 31
2024/06/18 00:30:01 [notice] 1#1: start worker process 32
2024/06/18 00:30:01 [notice] 1#1: start worker process 33
2024/06/18 00:30:01 [notice] 1#1: start worker process 34
2024/06/18 00:30:01 [notice] 1#1: start worker process 35
2024/06/18 00:30:01 [notice] 1#1: start worker process 36
2024/06/18 00:30:01 [notice] 1#1: start worker process 37
2024/06/18 00:30:01 [notice] 1#1: start worker process 38
2024/06/18 00:30:01 [notice] 1#1: start worker process 39
2024/06/18 00:30:01 [notice] 1#1: start worker process 40
2024/06/18 00:30:01 [notice] 1#1: start worker process 41
2024/06/18 00:30:01 [notice] 1#1: start worker process 42
2024/06/18 00:30:01 [notice] 1#1: start worker process 43
2024/06/18 00:30:01 [notice] 1#1: start worker process 44
2024/06/18 00:34:07 [notice] 1#1: signal 3 (SIGQUIT) received, shutting down
2024/06/18 00:34:07 [notice] 31#31: gracefully shutting down
2024/06/18 00:34:07 [notice] 34#34: gracefully shutting down
2024/06/18 00:34:07 [notice] 29#29: gracefully shutting down
2024/06/18 00:34:07 [notice] 37#37: gracefully shutting down
2024/06/18 00:34:07 [notice] 40#40: gracefully shutting down
2024/06/18 00:34:07 [notice] 38#38: gracefully shutting down
2024/06/18 00:34:07 [notice] 39#39: gracefully shutting down
2024/06/18 00:34:07 [notice] 38#38: exiting
2024/06/18 00:34:07 [notice] 42#42: gracefully shutting down
2024/06/18 00:34:07 [notice] 38#38: exit
2024/06/18 00:34:07 [notice] 41#41: gracefully shutting down
2024/06/18 00:34:07 [notice] 44#44: gracefully shutting down
2024/06/18 00:34:07 [notice] 43#43: gracefully shutting down
2024/06/18 00:34:07 [notice] 30#30: gracefully shutting down
2024/06/18 00:34:07 [notice] 33#33: gracefully shutting down
2024/06/18 00:34:07 [notice] 32#32: gracefully shutting down
2024/06/18 00:34:07 [notice] 35#35: gracefully shutting down
2024/06/18 00:34:07 [notice] 36#36: gracefully shutting down
2024/06/18 00:34:07 [notice] 31#31: exiting
2024/06/18 00:34:07 [notice] 34#34: exiting
2024/06/18 00:34:07 [notice] 29#29: exiting
2024/06/18 00:34:07 [notice] 37#37: exiting
2024/06/18 00:34:07 [notice] 40#40: exiting
2024/06/18 00:34:07 [notice] 39#39: exiting
2024/06/18 00:34:07 [notice] 42#42: exiting
2024/06/18 00:34:07 [notice] 41#41: exiting
2024/06/18 00:34:07 [notice] 44#44: exiting
2024/06/18 00:34:07 [notice] 43#43: exiting
2024/06/18 00:34:07 [notice] 30#30: exiting
2024/06/18 00:34:07 [notice] 33#33: exiting
2024/06/18 00:34:07 [notice] 33#33: exit
2024/06/18 00:34:07 [notice] 32#32: exiting
2024/06/18 00:34:07 [notice] 35#35: exiting
2024/06/18 00:34:07 [notice] 36#36: exiting
2024/06/18 00:34:07 [notice] 35#35: exit
2024/06/18 00:34:07 [notice] 31#31: exit
2024/06/18 00:34:07 [notice] 34#34: exit
2024/06/18 00:34:07 [notice] 29#29: exit
2024/06/18 00:34:07 [notice] 40#40: exit
2024/06/18 00:34:07 [notice] 37#37: exit
2024/06/18 00:34:07 [notice] 39#39: exit
2024/06/18 00:34:07 [notice] 42#42: exit
2024/06/18 00:34:07 [notice] 41#41: exit
2024/06/18 00:34:07 [notice] 44#44: exit
2024/06/18 00:34:07 [notice] 43#43: exit
2024/06/18 00:34:07 [notice] 30#30: exit
2024/06/18 00:34:07 [notice] 32#32: exit
2024/06/18 00:34:07 [notice] 36#36: exit
2024/06/18 00:34:07 [notice] 1#1: signal 17 (SIGCHLD) received from 38
2024/06/18 00:34:07 [notice] 1#1: worker process 38 exited with code 0
2024/06/18 00:34:07 [notice] 1#1: signal 29 (SIGIO) received
2024/06/18 00:34:07 [notice] 1#1: signal 17 (SIGCHLD) received from 34
2024/06/18 00:34:07 [notice] 1#1: worker process 34 exited with code 0
2024/06/18 00:34:07 [notice] 1#1: signal 29 (SIGIO) received
2024/06/18 00:34:07 [notice] 1#1: signal 17 (SIGCHLD) received from 33
2024/06/18 00:34:07 [notice] 1#1: worker process 29 exited with code 0
2024/06/18 00:34:07 [notice] 1#1: worker process 30 exited with code 0
2024/06/18 00:34:07 [notice] 1#1: worker process 33 exited with code 0
2024/06/18 00:34:07 [notice] 1#1: worker process 36 exited with code 0
2024/06/18 00:34:07 [notice] 1#1: worker process 39 exited with code 0
2024/06/18 00:34:07 [notice] 1#1: worker process 40 exited with code 0
2024/06/18 00:34:07 [notice] 1#1: signal 29 (SIGIO) received
2024/06/18 00:34:07 [notice] 1#1: signal 17 (SIGCHLD) received from 40
2024/06/18 00:34:07 [notice] 1#1: signal 17 (SIGCHLD) received from 32
2024/06/18 00:34:07 [notice] 1#1: worker process 31 exited with code 0
2024/06/18 00:34:07 [notice] 1#1: worker process 32 exited with code 0
2024/06/18 00:34:07 [notice] 1#1: worker process 35 exited with code 0
2024/06/18 00:34:07 [notice] 1#1: worker process 42 exited with code 0
2024/06/18 00:34:07 [notice] 1#1: worker process 44 exited with code 0
2024/06/18 00:34:07 [notice] 1#1: signal 29 (SIGIO) received
2024/06/18 00:34:07 [notice] 1#1: signal 17 (SIGCHLD) received from 31
2024/06/18 00:34:07 [notice] 1#1: signal 17 (SIGCHLD) received from 41
2024/06/18 00:34:07 [notice] 1#1: worker process 37 exited with code 0
2024/06/18 00:34:07 [notice] 1#1: worker process 41 exited with code 0
2024/06/18 00:34:07 [notice] 1#1: worker process 43 exited with code 0
2024/06/18 00:34:07 [notice] 1#1: exit
2024/06/18 00:34:11 [notice] 1#1: using the "epoll" event method
2024/06/18 00:34:11 [notice] 1#1: nginx/1.27.0
2024/06/18 00:34:11 [notice] 1#1: built by gcc 13.2.1 20231014 (Alpine 13.2.1_git20231014) 
2024/06/18 00:34:11 [notice] 1#1: OS: Linux 5.15.146.1-microsoft-standard-WSL2
2024/06/18 00:34:11 [notice] 1#1: getrlimit(RLIMIT_NOFILE): 1048576:1048576
2024/06/18 00:34:11 [notice] 1#1: start worker processes
2024/06/18 00:34:11 [notice] 1#1: start worker process 29
2024/06/18 00:34:11 [notice] 1#1: start worker process 30
2024/06/18 00:34:11 [notice] 1#1: start worker process 31
2024/06/18 00:34:11 [notice] 1#1: start worker process 32
2024/06/18 00:34:11 [notice] 1#1: start worker process 33
2024/06/18 00:34:11 [notice] 1#1: start worker process 34
2024/06/18 00:34:11 [notice] 1#1: start worker process 35
2024/06/18 00:34:11 [notice] 1#1: start worker process 36
2024/06/18 00:34:11 [notice] 1#1: start worker process 37
2024/06/18 00:34:11 [notice] 1#1: start worker process 38
2024/06/18 00:34:11 [notice] 1#1: start worker process 39
2024/06/18 00:34:11 [notice] 1#1: start worker process 40
2024/06/18 00:34:11 [notice] 1#1: start worker process 41
2024/06/18 00:34:11 [notice] 1#1: start worker process 42
2024/06/18 00:34:11 [notice] 1#1: start worker process 43
2024/06/18 00:34:11 [notice] 1#1: start worker process 44
2024/06/18 00:47:39 [notice] 1#1: signal 3 (SIGQUIT) received, shutting down
2024/06/18 00:47:39 [notice] 31#31: gracefully shutting down
2024/06/18 00:47:39 [notice] 33#33: gracefully shutting down
2024/06/18 00:47:39 [notice] 30#30: gracefully shutting down
2024/06/18 00:47:39 [notice] 29#29: gracefully shutting down
2024/06/18 00:47:39 [notice] 35#35: gracefully shutting down
2024/06/18 00:47:39 [notice] 41#41: gracefully shutting down
2024/06/18 00:47:39 [notice] 40#40: gracefully shutting down
2024/06/18 00:47:39 [notice] 42#42: gracefully shutting down
2024/06/18 00:47:39 [notice] 34#34: gracefully shutting down
2024/06/18 00:47:39 [notice] 36#36: gracefully shutting down
2024/06/18 00:47:39 [notice] 43#43: gracefully shutting down
2024/06/18 00:47:39 [notice] 44#44: gracefully shutting down
2024/06/18 00:47:39 [notice] 39#39: gracefully shutting down
2024/06/18 00:47:39 [notice] 38#38: gracefully shutting down
2024/06/18 00:47:39 [notice] 37#37: gracefully shutting down
2024/06/18 00:47:39 [notice] 39#39: exiting
2024/06/18 00:47:39 [notice] 31#31: exiting
2024/06/18 00:47:39 [notice] 32#32: gracefully shutting down
2024/06/18 00:47:39 [notice] 33#33: exiting
2024/06/18 00:47:39 [notice] 30#30: exiting
2024/06/18 00:47:39 [notice] 29#29: exiting
2024/06/18 00:47:39 [notice] 35#35: exiting
2024/06/18 00:47:39 [notice] 41#41: exiting
2024/06/18 00:47:39 [notice] 40#40: exiting
2024/06/18 00:47:39 [notice] 42#42: exiting
2024/06/18 00:47:39 [notice] 42#42: exit
2024/06/18 00:47:39 [notice] 34#34: exiting
2024/06/18 00:47:39 [notice] 43#43: exiting
2024/06/18 00:47:39 [notice] 36#36: exiting
2024/06/18 00:47:39 [notice] 44#44: exiting
2024/06/18 00:47:39 [notice] 38#38: exiting
2024/06/18 00:47:39 [notice] 37#37: exiting
2024/06/18 00:47:39 [notice] 31#31: exit
2024/06/18 00:47:39 [notice] 33#33: exit
2024/06/18 00:47:39 [notice] 30#30: exit
2024/06/18 00:47:39 [notice] 32#32: exiting
2024/06/18 00:47:39 [notice] 29#29: exit
2024/06/18 00:47:39 [notice] 39#39: exit
2024/06/18 00:47:39 [notice] 35#35: exit
2024/06/18 00:47:39 [notice] 41#41: exit
2024/06/18 00:47:39 [notice] 40#40: exit
2024/06/18 00:47:39 [notice] 34#34: exit
2024/06/18 00:47:39 [notice] 43#43: exit
2024/06/18 00:47:39 [notice] 36#36: exit
2024/06/18 00:47:39 [notice] 44#44: exit
2024/06/18 00:47:39 [notice] 38#38: exit
2024/06/18 00:47:39 [notice] 37#37: exit
2024/06/18 00:47:39 [notice] 32#32: exit
2024/06/18 00:47:39 [notice] 1#1: signal 17 (SIGCHLD) received from 31
2024/06/18 00:47:39 [notice] 1#1: worker process 31 exited with code 0
2024/06/18 00:47:39 [notice] 1#1: signal 29 (SIGIO) received
2024/06/18 00:47:39 [notice] 1#1: signal 17 (SIGCHLD) received from 41
2024/06/18 00:47:39 [notice] 1#1: worker process 29 exited with code 0
2024/06/18 00:47:39 [notice] 1#1: worker process 34 exited with code 0
2024/06/18 00:47:39 [notice] 1#1: worker process 38 exited with code 0
2024/06/18 00:47:39 [notice] 1#1: worker process 41 exited with code 0
2024/06/18 00:47:39 [notice] 1#1: worker process 43 exited with code 0
2024/06/18 00:47:39 [notice] 1#1: worker process 44 exited with code 0
2024/06/18 00:47:39 [notice] 1#1: signal 29 (SIGIO) received
2024/06/18 00:47:39 [notice] 1#1: signal 17 (SIGCHLD) received from 34
2024/06/18 00:47:39 [notice] 1#1: signal 17 (SIGCHLD) received from 37
2024/06/18 00:47:39 [notice] 1#1: worker process 32 exited with code 0
2024/06/18 00:47:39 [notice] 1#1: worker process 35 exited with code 0
2024/06/18 00:47:39 [notice] 1#1: worker process 37 exited with code 0
2024/06/18 00:47:39 [notice] 1#1: worker process 40 exited with code 0
2024/06/18 00:47:39 [notice] 1#1: worker process 42 exited with code 0
2024/06/18 00:47:39 [notice] 1#1: signal 29 (SIGIO) received
2024/06/18 00:47:39 [notice] 1#1: signal 17 (SIGCHLD) received from 40
2024/06/18 00:47:39 [notice] 1#1: signal 17 (SIGCHLD) received from 33
2024/06/18 00:47:39 [notice] 1#1: worker process 33 exited with code 0
2024/06/18 00:47:39 [notice] 1#1: worker process 36 exited with code 0
2024/06/18 00:47:39 [notice] 1#1: worker process 39 exited with code 0
2024/06/18 00:47:39 [notice] 1#1: signal 29 (SIGIO) received
2024/06/18 00:47:39 [notice] 1#1: signal 17 (SIGCHLD) received from 36
2024/06/18 00:47:39 [notice] 1#1: signal 17 (SIGCHLD) received from 30
2024/06/18 00:47:39 [notice] 1#1: worker process 30 exited with code 0
2024/06/18 00:47:39 [notice] 1#1: exit
2024/06/18 00:47:43 [notice] 1#1: using the "epoll" event method
2024/06/18 00:47:43 [notice] 1#1: nginx/1.27.0
2024/06/18 00:47:43 [notice] 1#1: built by gcc 13.2.1 20231014 (Alpine 13.2.1_git20231014) 
2024/06/18 00:47:43 [notice] 1#1: OS: Linux 5.15.146.1-microsoft-standard-WSL2
2024/06/18 00:47:43 [notice] 1#1: getrlimit(RLIMIT_NOFILE): 1048576:1048576
2024/06/18 00:47:43 [notice] 1#1: start worker processes
2024/06/18 00:47:43 [notice] 1#1: start worker process 29
2024/06/18 00:47:43 [notice] 1#1: start worker process 30
2024/06/18 00:47:43 [notice] 1#1: start worker process 31
2024/06/18 00:47:43 [notice] 1#1: start worker process 32
2024/06/18 00:47:43 [notice] 1#1: start worker process 33
2024/06/18 00:47:43 [notice] 1#1: start worker process 34
2024/06/18 00:47:43 [notice] 1#1: start worker process 35
2024/06/18 00:47:43 [notice] 1#1: start worker process 36
2024/06/18 00:47:43 [notice] 1#1: start worker process 37
2024/06/18 00:47:43 [notice] 1#1: start worker process 38
2024/06/18 00:47:43 [notice] 1#1: start worker process 39
2024/06/18 00:47:43 [notice] 1#1: start worker process 40
2024/06/18 00:47:43 [notice] 1#1: start worker process 41
2024/06/18 00:47:43 [notice] 1#1: start worker process 42
2024/06/18 00:47:43 [notice] 1#1: start worker process 43
2024/06/18 00:47:43 [notice] 1#1: start worker process 44
2024/06/18 00:49:13 [notice] 1#1: signal 3 (SIGQUIT) received, shutting down
2024/06/18 00:49:13 [notice] 29#29: gracefully shutting down
2024/06/18 00:49:13 [notice] 39#39: gracefully shutting down
2024/06/18 00:49:13 [notice] 38#38: gracefully shutting down
2024/06/18 00:49:13 [notice] 42#42: gracefully shutting down
2024/06/18 00:49:13 [notice] 41#41: gracefully shutting down
2024/06/18 00:49:13 [notice] 30#30: gracefully shutting down
2024/06/18 00:49:13 [notice] 31#31: gracefully shutting down
2024/06/18 00:49:13 [notice] 32#32: gracefully shutting down
2024/06/18 00:49:13 [notice] 43#43: gracefully shutting down
2024/06/18 00:49:13 [notice] 33#33: gracefully shutting down
2024/06/18 00:49:13 [notice] 34#34: gracefully shutting down
2024/06/18 00:49:13 [notice] 35#35: gracefully shutting down
2024/06/18 00:49:13 [notice] 40#40: gracefully shutting down
2024/06/18 00:49:13 [notice] 40#40: exiting
2024/06/18 00:49:13 [notice] 44#44: gracefully shutting down
2024/06/18 00:49:13 [notice] 36#36: gracefully shutting down
2024/06/18 00:49:13 [notice] 37#37: gracefully shutting down
2024/06/18 00:49:13 [notice] 37#37: exiting
2024/06/18 00:49:13 [notice] 29#29: exiting
2024/06/18 00:49:13 [notice] 39#39: exiting
2024/06/18 00:49:13 [notice] 38#38: exiting
2024/06/18 00:49:13 [notice] 42#42: exiting
2024/06/18 00:49:13 [notice] 41#41: exiting
2024/06/18 00:49:13 [notice] 30#30: exiting
2024/06/18 00:49:13 [notice] 31#31: exiting
2024/06/18 00:49:13 [notice] 32#32: exiting
2024/06/18 00:49:13 [notice] 43#43: exiting
2024/06/18 00:49:13 [notice] 33#33: exiting
2024/06/18 00:49:13 [notice] 34#34: exiting
2024/06/18 00:49:13 [notice] 35#35: exiting
2024/06/18 00:49:13 [notice] 40#40: exit
2024/06/18 00:49:13 [notice] 44#44: exiting
2024/06/18 00:49:13 [notice] 36#36: exiting
2024/06/18 00:49:13 [notice] 44#44: exit
2024/06/18 00:49:13 [notice] 37#37: exit
2024/06/18 00:49:13 [notice] 29#29: exit
2024/06/18 00:49:13 [notice] 39#39: exit
2024/06/18 00:49:13 [notice] 38#38: exit
2024/06/18 00:49:13 [notice] 42#42: exit
2024/06/18 00:49:13 [notice] 41#41: exit
2024/06/18 00:49:13 [notice] 30#30: exit
2024/06/18 00:49:13 [notice] 31#31: exit
2024/06/18 00:49:13 [notice] 32#32: exit
2024/06/18 00:49:13 [notice] 43#43: exit
2024/06/18 00:49:13 [notice] 33#33: exit
2024/06/18 00:49:13 [notice] 34#34: exit
2024/06/18 00:49:13 [notice] 35#35: exit
2024/06/18 00:49:13 [notice] 36#36: exit
2024/06/18 00:49:13 [notice] 1#1: signal 17 (SIGCHLD) received from 38
2024/06/18 00:49:13 [notice] 1#1: worker process 33 exited with code 0
2024/06/18 00:49:13 [notice] 1#1: worker process 34 exited with code 0
2024/06/18 00:49:13 [notice] 1#1: worker process 37 exited with code 0
2024/06/18 00:49:13 [notice] 1#1: worker process 38 exited with code 0
2024/06/18 00:49:13 [notice] 1#1: worker process 40 exited with code 0
2024/06/18 00:49:13 [notice] 1#1: worker process 41 exited with code 0
2024/06/18 00:49:13 [notice] 1#1: worker process 42 exited with code 0
2024/06/18 00:49:13 [notice] 1#1: worker process 43 exited with code 0
2024/06/18 00:49:13 [notice] 1#1: worker process 44 exited with code 0
2024/06/18 00:49:13 [notice] 1#1: signal 29 (SIGIO) received
2024/06/18 00:49:13 [notice] 1#1: signal 17 (SIGCHLD) received from 43
2024/06/18 00:49:13 [notice] 1#1: worker process 39 exited with code 0
2024/06/18 00:49:13 [notice] 1#1: signal 29 (SIGIO) received
2024/06/18 00:49:13 [notice] 1#1: signal 17 (SIGCHLD) received from 31
2024/06/18 00:49:13 [notice] 1#1: worker process 31 exited with code 0
2024/06/18 00:49:13 [notice] 1#1: signal 29 (SIGIO) received
2024/06/18 00:49:13 [notice] 1#1: signal 17 (SIGCHLD) received from 32
2024/06/18 00:49:13 [notice] 1#1: worker process 30 exited with code 0
2024/06/18 00:49:13 [notice] 1#1: worker process 32 exited with code 0
2024/06/18 00:49:13 [notice] 1#1: worker process 36 exited with code 0
2024/06/18 00:49:13 [notice] 1#1: signal 29 (SIGIO) received
2024/06/18 00:49:13 [notice] 1#1: signal 17 (SIGCHLD) received from 36
2024/06/18 00:49:13 [notice] 1#1: signal 17 (SIGCHLD) received from 35
2024/06/18 00:49:13 [notice] 1#1: worker process 29 exited with code 0
2024/06/18 00:49:13 [notice] 1#1: worker process 35 exited with code 0
2024/06/18 00:49:13 [notice] 1#1: exit
2024/06/18 00:49:20 [notice] 1#1: using the "epoll" event method
2024/06/18 00:49:20 [notice] 1#1: nginx/1.27.0
2024/06/18 00:49:20 [notice] 1#1: built by gcc 13.2.1 20231014 (Alpine 13.2.1_git20231014) 
2024/06/18 00:49:20 [notice] 1#1: OS: Linux 5.15.146.1-microsoft-standard-WSL2
2024/06/18 00:49:20 [notice] 1#1: getrlimit(RLIMIT_NOFILE): 1048576:1048576
2024/06/18 00:49:20 [notice] 1#1: start worker processes
2024/06/18 00:49:20 [notice] 1#1: start worker process 29
2024/06/18 00:49:20 [notice] 1#1: start worker process 30
2024/06/18 00:49:20 [notice] 1#1: start worker process 31
2024/06/18 00:49:20 [notice] 1#1: start worker process 32
2024/06/18 00:49:20 [notice] 1#1: start worker process 33
2024/06/18 00:49:20 [notice] 1#1: start worker process 34
2024/06/18 00:49:20 [notice] 1#1: start worker process 35
2024/06/18 00:49:20 [notice] 1#1: start worker process 36
2024/06/18 00:49:20 [notice] 1#1: start worker process 37
2024/06/18 00:49:20 [notice] 1#1: start worker process 38
2024/06/18 00:49:20 [notice] 1#1: start worker process 39
2024/06/18 00:49:20 [notice] 1#1: start worker process 40
2024/06/18 00:49:20 [notice] 1#1: start worker process 41
2024/06/18 00:49:20 [notice] 1#1: start worker process 42
2024/06/18 00:49:20 [notice] 1#1: start worker process 43
2024/06/18 00:49:20 [notice] 1#1: start worker process 44
2024/06/18 00:52:02 [notice] 1#1: signal 3 (SIGQUIT) received, shutting down
2024/06/18 00:52:02 [notice] 29#29: gracefully shutting down
2024/06/18 00:52:02 [notice] 42#42: gracefully shutting down
2024/06/18 00:52:02 [notice] 30#30: gracefully shutting down
2024/06/18 00:52:02 [notice] 31#31: gracefully shutting down
2024/06/18 00:52:02 [notice] 33#33: gracefully shutting down
2024/06/18 00:52:02 [notice] 32#32: gracefully shutting down
2024/06/18 00:52:02 [notice] 35#35: gracefully shutting down
2024/06/18 00:52:02 [notice] 34#34: gracefully shutting down
2024/06/18 00:52:02 [notice] 36#36: gracefully shutting down
2024/06/18 00:52:02 [notice] 37#37: gracefully shutting down
2024/06/18 00:52:02 [notice] 38#38: gracefully shutting down
2024/06/18 00:52:02 [notice] 39#39: gracefully shutting down
2024/06/18 00:52:02 [notice] 40#40: gracefully shutting down
2024/06/18 00:52:02 [notice] 41#41: gracefully shutting down
2024/06/18 00:52:02 [notice] 43#43: gracefully shutting down
2024/06/18 00:52:02 [notice] 29#29: exiting
2024/06/18 00:52:02 [notice] 44#44: gracefully shutting down
2024/06/18 00:52:02 [notice] 42#42: exiting
2024/06/18 00:52:02 [notice] 30#30: exiting
2024/06/18 00:52:02 [notice] 31#31: exiting
2024/06/18 00:52:02 [notice] 33#33: exiting
2024/06/18 00:52:02 [notice] 32#32: exiting
2024/06/18 00:52:02 [notice] 35#35: exiting
2024/06/18 00:52:02 [notice] 34#34: exiting
2024/06/18 00:52:02 [notice] 36#36: exiting
2024/06/18 00:52:02 [notice] 37#37: exiting
2024/06/18 00:52:02 [notice] 38#38: exiting
2024/06/18 00:52:02 [notice] 39#39: exiting
2024/06/18 00:52:02 [notice] 40#40: exiting
2024/06/18 00:52:02 [notice] 39#39: exit
2024/06/18 00:52:02 [notice] 41#41: exiting
2024/06/18 00:52:02 [notice] 43#43: exiting
2024/06/18 00:52:02 [notice] 29#29: exit
2024/06/18 00:52:02 [notice] 44#44: exiting
2024/06/18 00:52:02 [notice] 42#42: exit
2024/06/18 00:52:02 [notice] 30#30: exit
2024/06/18 00:52:02 [notice] 31#31: exit
2024/06/18 00:52:02 [notice] 33#33: exit
2024/06/18 00:52:02 [notice] 32#32: exit
2024/06/18 00:52:02 [notice] 35#35: exit
2024/06/18 00:52:02 [notice] 34#34: exit
2024/06/18 00:52:02 [notice] 36#36: exit
2024/06/18 00:52:02 [notice] 37#37: exit
2024/06/18 00:52:02 [notice] 38#38: exit
2024/06/18 00:52:02 [notice] 40#40: exit
2024/06/18 00:52:02 [notice] 41#41: exit
2024/06/18 00:52:02 [notice] 43#43: exit
2024/06/18 00:52:02 [notice] 44#44: exit
2024/06/18 00:52:03 [notice] 1#1: signal 17 (SIGCHLD) received from 44
2024/06/18 00:52:03 [notice] 1#1: worker process 41 exited with code 0
2024/06/18 00:52:03 [notice] 1#1: worker process 44 exited with code 0
2024/06/18 00:52:03 [notice] 1#1: signal 29 (SIGIO) received
2024/06/18 00:52:03 [notice] 1#1: signal 17 (SIGCHLD) received from 37
2024/06/18 00:52:03 [notice] 1#1: worker process 29 exited with code 0
2024/06/18 00:52:03 [notice] 1#1: worker process 31 exited with code 0
2024/06/18 00:52:03 [notice] 1#1: worker process 33 exited with code 0
2024/06/18 00:52:03 [notice] 1#1: worker process 35 exited with code 0
2024/06/18 00:52:03 [notice] 1#1: worker process 36 exited with code 0
2024/06/18 00:52:03 [notice] 1#1: worker process 37 exited with code 0
2024/06/18 00:52:03 [notice] 1#1: worker process 38 exited with code 0
2024/06/18 00:52:03 [notice] 1#1: worker process 39 exited with code 0
2024/06/18 00:52:03 [notice] 1#1: worker process 42 exited with code 0
2024/06/18 00:52:03 [notice] 1#1: signal 29 (SIGIO) received
2024/06/18 00:52:03 [notice] 1#1: signal 17 (SIGCHLD) received from 42
2024/06/18 00:52:03 [notice] 1#1: signal 17 (SIGCHLD) received from 43
2024/06/18 00:52:03 [notice] 1#1: worker process 30 exited with code 0
2024/06/18 00:52:03 [notice] 1#1: worker process 43 exited with code 0
2024/06/18 00:52:03 [notice] 1#1: signal 29 (SIGIO) received
2024/06/18 00:52:03 [notice] 1#1: signal 17 (SIGCHLD) received from 40
2024/06/18 00:52:03 [notice] 1#1: worker process 32 exited with code 0
2024/06/18 00:52:03 [notice] 1#1: worker process 34 exited with code 0
2024/06/18 00:52:03 [notice] 1#1: worker process 40 exited with code 0
2024/06/18 00:52:03 [notice] 1#1: exit
2024/06/18 00:57:27 [notice] 1#1: using the "epoll" event method
2024/06/18 00:57:27 [notice] 1#1: nginx/1.27.0
2024/06/18 00:57:27 [notice] 1#1: built by gcc 13.2.1 20231014 (Alpine 13.2.1_git20231014) 
2024/06/18 00:57:27 [notice] 1#1: OS: Linux 5.15.146.1-microsoft-standard-WSL2
2024/06/18 00:57:27 [notice] 1#1: getrlimit(RLIMIT_NOFILE): 1048576:1048576
2024/06/18 00:57:27 [notice] 1#1: start worker processes
2024/06/18 00:57:27 [notice] 1#1: start worker process 29
2024/06/18 00:57:27 [notice] 1#1: start worker process 30
2024/06/18 00:57:27 [notice] 1#1: start worker process 31
2024/06/18 00:57:27 [notice] 1#1: start worker process 32
2024/06/18 00:57:27 [notice] 1#1: start worker process 33
2024/06/18 00:57:27 [notice] 1#1: start worker process 34
2024/06/18 00:57:27 [notice] 1#1: start worker process 35
2024/06/18 00:57:27 [notice] 1#1: start worker process 36
2024/06/18 00:57:27 [notice] 1#1: start worker process 37
2024/06/18 00:57:27 [notice] 1#1: start worker process 38
2024/06/18 00:57:27 [notice] 1#1: start worker process 39
2024/06/18 00:57:27 [notice] 1#1: start worker process 40
2024/06/18 00:57:27 [notice] 1#1: start worker process 41
2024/06/18 00:57:27 [notice] 1#1: start worker process 42
2024/06/18 00:57:27 [notice] 1#1: start worker process 43
2024/06/18 00:57:27 [notice] 1#1: start worker process 44
2024/06/18 04:24:22 [notice] 1#1: signal 3 (SIGQUIT) received, shutting down
2024/06/18 04:24:22 [notice] 29#29: gracefully shutting down
2024/06/18 04:24:22 [notice] 31#31: gracefully shutting down
2024/06/18 04:24:22 [notice] 30#30: gracefully shutting down
2024/06/18 04:24:22 [notice] 34#34: gracefully shutting down
2024/06/18 04:24:22 [notice] 37#37: gracefully shutting down
2024/06/18 04:24:22 [notice] 38#38: gracefully shutting down
2024/06/18 04:24:22 [notice] 36#36: gracefully shutting down
2024/06/18 04:24:22 [notice] 40#40: gracefully shutting down
2024/06/18 04:24:22 [notice] 39#39: gracefully shutting down
2024/06/18 04:24:22 [notice] 33#33: gracefully shutting down
2024/06/18 04:24:22 [notice] 35#35: gracefully shutting down
2024/06/18 04:24:22 [notice] 32#32: gracefully shutting down
2024/06/18 04:24:22 [notice] 42#42: gracefully shutting down
2024/06/18 04:24:22 [notice] 43#43: gracefully shutting down
2024/06/18 04:24:22 [notice] 41#41: gracefully shutting down
2024/06/18 04:24:22 [notice] 44#44: gracefully shutting down
2024/06/18 04:24:22 [notice] 29#29: exiting
2024/06/18 04:24:22 [notice] 44#44: exiting
2024/06/18 04:24:22 [notice] 30#30: exiting
2024/06/18 04:24:22 [notice] 44#44: exit
2024/06/18 04:24:22 [notice] 31#31: exiting
2024/06/18 04:24:22 [notice] 37#37: exiting
2024/06/18 04:24:22 [notice] 38#38: exiting
2024/06/18 04:24:22 [notice] 37#37: exit
2024/06/18 04:24:22 [notice] 34#34: exiting
2024/06/18 04:24:22 [notice] 36#36: exiting
2024/06/18 04:24:22 [notice] 34#34: exit
2024/06/18 04:24:22 [notice] 39#39: exiting
2024/06/18 04:24:22 [notice] 40#40: exiting
2024/06/18 04:24:22 [notice] 33#33: exiting
2024/06/18 04:24:22 [notice] 35#35: exiting
2024/06/18 04:24:22 [notice] 32#32: exiting
2024/06/18 04:24:22 [notice] 43#43: exiting
2024/06/18 04:24:22 [notice] 42#42: exiting
2024/06/18 04:24:22 [notice] 41#41: exiting
2024/06/18 04:24:22 [notice] 29#29: exit
2024/06/18 04:24:22 [notice] 30#30: exit
2024/06/18 04:24:22 [notice] 31#31: exit
2024/06/18 04:24:22 [notice] 38#38: exit
2024/06/18 04:24:22 [notice] 36#36: exit
2024/06/18 04:24:22 [notice] 39#39: exit
2024/06/18 04:24:22 [notice] 40#40: exit
2024/06/18 04:24:22 [notice] 35#35: exit
2024/06/18 04:24:22 [notice] 33#33: exit
2024/06/18 04:24:22 [notice] 43#43: exit
2024/06/18 04:24:22 [notice] 32#32: exit
2024/06/18 04:24:22 [notice] 42#42: exit
2024/06/18 04:24:22 [notice] 41#41: exit
2024/06/18 04:24:22 [notice] 1#1: signal 17 (SIGCHLD) received from 37
2024/06/18 04:24:22 [notice] 1#1: worker process 29 exited with code 0
2024/06/18 04:24:22 [notice] 1#1: worker process 32 exited with code 0
2024/06/18 04:24:22 [notice] 1#1: worker process 34 exited with code 0
2024/06/18 04:24:22 [notice] 1#1: worker process 35 exited with code 0
2024/06/18 04:24:22 [notice] 1#1: worker process 36 exited with code 0
2024/06/18 04:24:22 [notice] 1#1: worker process 37 exited with code 0
2024/06/18 04:24:22 [notice] 1#1: worker process 38 exited with code 0
2024/06/18 04:24:22 [notice] 1#1: worker process 39 exited with code 0
2024/06/18 04:24:22 [notice] 1#1: worker process 40 exited with code 0
2024/06/18 04:24:22 [notice] 1#1: worker process 41 exited with code 0
2024/06/18 04:24:22 [notice] 1#1: worker process 42 exited with code 0
2024/06/18 04:24:22 [notice] 1#1: worker process 44 exited with code 0
2024/06/18 04:24:22 [notice] 1#1: signal 29 (SIGIO) received
2024/06/18 04:24:22 [notice] 1#1: signal 17 (SIGCHLD) received from 41
2024/06/18 04:24:22 [notice] 1#1: signal 17 (SIGCHLD) received from 43
2024/06/18 04:24:22 [notice] 1#1: worker process 30 exited with code 0
2024/06/18 04:24:22 [notice] 1#1: worker process 33 exited with code 0
2024/06/18 04:24:22 [notice] 1#1: worker process 43 exited with code 0
2024/06/18 04:24:22 [notice] 1#1: signal 29 (SIGIO) received
2024/06/18 04:24:22 [notice] 1#1: signal 17 (SIGCHLD) received from 33
2024/06/18 04:24:22 [notice] 1#1: signal 17 (SIGCHLD) received from 31
2024/06/18 04:24:22 [notice] 1#1: worker process 31 exited with code 0
2024/06/18 04:24:22 [notice] 1#1: exit
2024/06/18 04:24:27 [notice] 1#1: using the "epoll" event method
2024/06/18 04:24:27 [notice] 1#1: nginx/1.27.0
2024/06/18 04:24:27 [notice] 1#1: built by gcc 13.2.1 20231014 (Alpine 13.2.1_git20231014) 
2024/06/18 04:24:27 [notice] 1#1: OS: Linux 5.15.146.1-microsoft-standard-WSL2
2024/06/18 04:24:27 [notice] 1#1: getrlimit(RLIMIT_NOFILE): 1048576:1048576
2024/06/18 04:24:27 [notice] 1#1: start worker processes
2024/06/18 04:24:27 [notice] 1#1: start worker process 29
2024/06/18 04:24:27 [notice] 1#1: start worker process 30
2024/06/18 04:24:27 [notice] 1#1: start worker process 31
2024/06/18 04:24:27 [notice] 1#1: start worker process 32
2024/06/18 04:24:27 [notice] 1#1: start worker process 33
2024/06/18 04:24:27 [notice] 1#1: start worker process 34
2024/06/18 04:24:27 [notice] 1#1: start worker process 35
2024/06/18 04:24:27 [notice] 1#1: start worker process 36
2024/06/18 04:24:27 [notice] 1#1: start worker process 37
2024/06/18 04:24:27 [notice] 1#1: start worker process 38
2024/06/18 04:24:27 [notice] 1#1: start worker process 39
2024/06/18 04:24:27 [notice] 1#1: start worker process 40
2024/06/18 04:24:27 [notice] 1#1: start worker process 41
2024/06/18 04:24:27 [notice] 1#1: start worker process 42
2024/06/18 04:24:27 [notice] 1#1: start worker process 43
2024/06/18 04:24:27 [notice] 1#1: start worker process 44
2024/06/18 04:25:32 [notice] 1#1: signal 3 (SIGQUIT) received, shutting down
2024/06/18 04:25:32 [notice] 29#29: gracefully shutting down
2024/06/18 04:25:32 [notice] 44#44: gracefully shutting down
2024/06/18 04:25:32 [notice] 31#31: gracefully shutting down
2024/06/18 04:25:32 [notice] 30#30: gracefully shutting down
2024/06/18 04:25:32 [notice] 32#32: gracefully shutting down
2024/06/18 04:25:32 [notice] 32#32: exiting
2024/06/18 04:25:32 [notice] 34#34: gracefully shutting down
2024/06/18 04:25:32 [notice] 35#35: gracefully shutting down
2024/06/18 04:25:32 [notice] 35#35: exiting
2024/06/18 04:25:32 [notice] 36#36: gracefully shutting down
2024/06/18 04:25:32 [notice] 37#37: gracefully shutting down
2024/06/18 04:25:32 [notice] 37#37: exiting
2024/06/18 04:25:32 [notice] 38#38: gracefully shutting down
2024/06/18 04:25:32 [notice] 39#39: gracefully shutting down
2024/06/18 04:25:32 [notice] 39#39: exiting
2024/06/18 04:25:32 [notice] 41#41: gracefully shutting down
2024/06/18 04:25:32 [notice] 41#41: exiting
2024/06/18 04:25:32 [notice] 40#40: gracefully shutting down
2024/06/18 04:25:32 [notice] 40#40: exiting
2024/06/18 04:25:32 [notice] 42#42: gracefully shutting down
2024/06/18 04:25:32 [notice] 43#43: gracefully shutting down
2024/06/18 04:25:32 [notice] 29#29: exiting
2024/06/18 04:25:32 [notice] 33#33: gracefully shutting down
2024/06/18 04:25:32 [notice] 44#44: exiting
2024/06/18 04:25:32 [notice] 31#31: exiting
2024/06/18 04:25:32 [notice] 32#32: exit
2024/06/18 04:25:32 [notice] 34#34: exiting
2024/06/18 04:25:32 [notice] 35#35: exit
2024/06/18 04:25:32 [notice] 36#36: exiting
2024/06/18 04:25:32 [notice] 38#38: exiting
2024/06/18 04:25:32 [notice] 37#37: exit
2024/06/18 04:25:32 [notice] 39#39: exit
2024/06/18 04:25:32 [notice] 41#41: exit
2024/06/18 04:25:32 [notice] 40#40: exit
2024/06/18 04:25:32 [notice] 42#42: exiting
2024/06/18 04:25:32 [notice] 43#43: exiting
2024/06/18 04:25:32 [notice] 29#29: exit
2024/06/18 04:25:32 [notice] 33#33: exiting
2024/06/18 04:25:32 [notice] 44#44: exit
2024/06/18 04:25:32 [notice] 31#31: exit
2024/06/18 04:25:32 [notice] 34#34: exit
2024/06/18 04:25:32 [notice] 36#36: exit
2024/06/18 04:25:32 [notice] 38#38: exit
2024/06/18 04:25:32 [notice] 42#42: exit
2024/06/18 04:25:32 [notice] 43#43: exit
2024/06/18 04:25:32 [notice] 33#33: exit
2024/06/18 04:25:32 [notice] 1#1: signal 17 (SIGCHLD) received from 35
2024/06/18 04:25:32 [notice] 1#1: worker process 29 exited with code 0
2024/06/18 04:25:32 [notice] 1#1: worker process 33 exited with code 0
2024/06/18 04:25:32 [notice] 1#1: worker process 35 exited with code 0
2024/06/18 04:25:32 [notice] 1#1: worker process 41 exited with code 0
2024/06/18 04:25:32 [notice] 1#1: signal 29 (SIGIO) received
2024/06/18 04:25:32 [notice] 1#1: signal 17 (SIGCHLD) received from 42
2024/06/18 04:25:32 [notice] 1#1: worker process 32 exited with code 0
2024/06/18 04:25:32 [notice] 1#1: worker process 38 exited with code 0
2024/06/18 04:25:32 [notice] 1#1: worker process 42 exited with code 0
2024/06/18 04:25:32 [notice] 1#1: worker process 43 exited with code 0
2024/06/18 04:25:32 [notice] 1#1: signal 29 (SIGIO) received
2024/06/18 04:25:32 [notice] 1#1: signal 17 (SIGCHLD) received from 44
2024/06/18 04:25:32 [notice] 1#1: worker process 44 exited with code 0
2024/06/18 04:25:32 [notice] 1#1: signal 29 (SIGIO) received
2024/06/18 04:25:32 [notice] 1#1: signal 17 (SIGCHLD) received from 37
2024/06/18 04:25:32 [notice] 1#1: worker process 31 exited with code 0
2024/06/18 04:25:32 [notice] 1#1: worker process 36 exited with code 0
2024/06/18 04:25:32 [notice] 1#1: worker process 37 exited with code 0
2024/06/18 04:25:32 [notice] 1#1: worker process 40 exited with code 0
2024/06/18 04:25:32 [notice] 1#1: signal 29 (SIGIO) received
2024/06/18 04:25:32 [notice] 1#1: signal 17 (SIGCHLD) received from 39
2024/06/18 04:25:32 [notice] 1#1: worker process 34 exited with code 0
2024/06/18 04:25:32 [notice] 1#1: worker process 39 exited with code 0
2024/06/18 04:25:32 [notice] 1#1: signal 29 (SIGIO) received
2024/06/18 04:25:36 [notice] 1#1: using the "epoll" event method
2024/06/18 04:25:36 [notice] 1#1: nginx/1.27.0
2024/06/18 04:25:36 [notice] 1#1: built by gcc 13.2.1 20231014 (Alpine 13.2.1_git20231014) 
2024/06/18 04:25:36 [notice] 1#1: OS: Linux 5.15.146.1-microsoft-standard-WSL2
2024/06/18 04:25:36 [notice] 1#1: getrlimit(RLIMIT_NOFILE): 1048576:1048576
2024/06/18 04:25:36 [notice] 1#1: start worker processes
2024/06/18 04:25:36 [notice] 1#1: start worker process 29
2024/06/18 04:25:36 [notice] 1#1: start worker process 30
2024/06/18 04:25:36 [notice] 1#1: start worker process 31
2024/06/18 04:25:36 [notice] 1#1: start worker process 32
2024/06/18 04:25:36 [notice] 1#1: start worker process 33
2024/06/18 04:25:36 [notice] 1#1: start worker process 34
2024/06/18 04:25:36 [notice] 1#1: start worker process 35
2024/06/18 04:25:36 [notice] 1#1: start worker process 36
2024/06/18 04:25:36 [notice] 1#1: start worker process 37
2024/06/18 04:25:36 [notice] 1#1: start worker process 38
2024/06/18 04:25:36 [notice] 1#1: start worker process 39
2024/06/18 04:25:36 [notice] 1#1: start worker process 40
2024/06/18 04:25:36 [notice] 1#1: start worker process 41
2024/06/18 04:25:36 [notice] 1#1: start worker process 42
2024/06/18 04:25:36 [notice] 1#1: start worker process 43
2024/06/18 04:25:36 [notice] 1#1: start worker process 44
2024/06/18 04:26:49 [notice] 1#1: signal 3 (SIGQUIT) received, shutting down
2024/06/18 04:26:49 [notice] 30#30: gracefully shutting down
2024/06/18 04:26:49 [notice] 31#31: gracefully shutting down
2024/06/18 04:26:49 [notice] 32#32: gracefully shutting down
2024/06/18 04:26:49 [notice] 33#33: gracefully shutting down
2024/06/18 04:26:49 [notice] 34#34: gracefully shutting down
2024/06/18 04:26:49 [notice] 29#29: gracefully shutting down
2024/06/18 04:26:49 [notice] 35#35: gracefully shutting down
2024/06/18 04:26:49 [notice] 37#37: gracefully shutting down
2024/06/18 04:26:49 [notice] 36#36: gracefully shutting down
2024/06/18 04:26:49 [notice] 38#38: gracefully shutting down
2024/06/18 04:26:49 [notice] 39#39: gracefully shutting down
2024/06/18 04:26:49 [notice] 40#40: gracefully shutting down
2024/06/18 04:26:49 [notice] 41#41: gracefully shutting down
2024/06/18 04:26:49 [notice] 42#42: gracefully shutting down
2024/06/18 04:26:49 [notice] 43#43: gracefully shutting down
2024/06/18 04:26:49 [notice] 44#44: gracefully shutting down
2024/06/18 04:26:49 [notice] 30#30: exiting
2024/06/18 04:26:49 [notice] 31#31: exiting
2024/06/18 04:26:49 [notice] 32#32: exiting
2024/06/18 04:26:49 [notice] 33#33: exiting
2024/06/18 04:26:49 [notice] 34#34: exiting
2024/06/18 04:26:49 [notice] 29#29: exiting
2024/06/18 04:26:49 [notice] 35#35: exiting
2024/06/18 04:26:49 [notice] 37#37: exiting
2024/06/18 04:26:49 [notice] 36#36: exiting
2024/06/18 04:26:49 [notice] 38#38: exiting
2024/06/18 04:26:49 [notice] 39#39: exiting
2024/06/18 04:26:49 [notice] 40#40: exiting
2024/06/18 04:26:49 [notice] 41#41: exiting
2024/06/18 04:26:49 [notice] 42#42: exiting
2024/06/18 04:26:49 [notice] 43#43: exiting
2024/06/18 04:26:49 [notice] 44#44: exiting
2024/06/18 04:26:49 [notice] 30#30: exit
2024/06/18 04:26:49 [notice] 31#31: exit
2024/06/18 04:26:49 [notice] 32#32: exit
2024/06/18 04:26:49 [notice] 33#33: exit
2024/06/18 04:26:49 [notice] 34#34: exit
2024/06/18 04:26:49 [notice] 29#29: exit
2024/06/18 04:26:49 [notice] 35#35: exit
2024/06/18 04:26:49 [notice] 37#37: exit
2024/06/18 04:26:49 [notice] 36#36: exit
2024/06/18 04:26:49 [notice] 38#38: exit
2024/06/18 04:26:49 [notice] 39#39: exit
2024/06/18 04:26:49 [notice] 40#40: exit
2024/06/18 04:26:49 [notice] 41#41: exit
2024/06/18 04:26:49 [notice] 42#42: exit
2024/06/18 04:26:49 [notice] 43#43: exit
2024/06/18 04:26:49 [notice] 44#44: exit
2024/06/18 04:26:49 [notice] 1#1: signal 17 (SIGCHLD) received from 37
2024/06/18 04:26:49 [notice] 1#1: worker process 37 exited with code 0
2024/06/18 04:26:49 [notice] 1#1: signal 29 (SIGIO) received
2024/06/18 04:26:49 [notice] 1#1: signal 17 (SIGCHLD) received from 34
2024/06/18 04:26:49 [notice] 1#1: worker process 30 exited with code 0
2024/06/18 04:26:49 [notice] 1#1: worker process 31 exited with code 0
2024/06/18 04:26:49 [notice] 1#1: worker process 32 exited with code 0
2024/06/18 04:26:49 [notice] 1#1: worker process 33 exited with code 0
2024/06/18 04:26:49 [notice] 1#1: worker process 34 exited with code 0
2024/06/18 04:26:49 [notice] 1#1: worker process 36 exited with code 0
2024/06/18 04:26:49 [notice] 1#1: worker process 38 exited with code 0
2024/06/18 04:26:49 [notice] 1#1: worker process 39 exited with code 0
2024/06/18 04:26:49 [notice] 1#1: worker process 40 exited with code 0
2024/06/18 04:26:49 [notice] 1#1: worker process 41 exited with code 0
2024/06/18 04:26:49 [notice] 1#1: worker process 42 exited with code 0
2024/06/18 04:26:49 [notice] 1#1: worker process 44 exited with code 0
2024/06/18 04:26:49 [notice] 1#1: signal 29 (SIGIO) received
2024/06/18 04:26:49 [notice] 1#1: signal 17 (SIGCHLD) received from 31
2024/06/18 04:26:49 [notice] 1#1: signal 17 (SIGCHLD) received from 35
2024/06/18 04:26:49 [notice] 1#1: worker process 35 exited with code 0
2024/06/18 04:26:49 [notice] 1#1: worker process 43 exited with code 0
2024/06/18 04:26:49 [notice] 1#1: signal 29 (SIGIO) received
2024/06/18 04:26:49 [notice] 1#1: signal 17 (SIGCHLD) received from 29
2024/06/18 04:26:49 [notice] 1#1: worker process 29 exited with code 0
2024/06/18 04:26:49 [notice] 1#1: exit
2024/06/18 04:26:53 [notice] 1#1: using the "epoll" event method
2024/06/18 04:26:53 [notice] 1#1: nginx/1.27.0
2024/06/18 04:26:53 [notice] 1#1: built by gcc 13.2.1 20231014 (Alpine 13.2.1_git20231014) 
2024/06/18 04:26:53 [notice] 1#1: OS: Linux 5.15.146.1-microsoft-standard-WSL2
2024/06/18 04:26:53 [notice] 1#1: getrlimit(RLIMIT_NOFILE): 1048576:1048576
2024/06/18 04:26:53 [notice] 1#1: start worker processes
2024/06/18 04:26:53 [notice] 1#1: start worker process 29
2024/06/18 04:26:53 [notice] 1#1: start worker process 30
2024/06/18 04:26:53 [notice] 1#1: start worker process 31
2024/06/18 04:26:53 [notice] 1#1: start worker process 32
2024/06/18 04:26:53 [notice] 1#1: start worker process 33
2024/06/18 04:26:53 [notice] 1#1: start worker process 34
2024/06/18 04:26:53 [notice] 1#1: start worker process 35
2024/06/18 04:26:53 [notice] 1#1: start worker process 36
2024/06/18 04:26:53 [notice] 1#1: start worker process 37
2024/06/18 04:26:53 [notice] 1#1: start worker process 38
2024/06/18 04:26:53 [notice] 1#1: start worker process 39
2024/06/18 04:26:53 [notice] 1#1: start worker process 40
2024/06/18 04:26:53 [notice] 1#1: start worker process 41
2024/06/18 04:26:53 [notice] 1#1: start worker process 42
2024/06/18 04:26:53 [notice] 1#1: start worker process 43
2024/06/18 04:26:53 [notice] 1#1: start worker process 44
2024/06/18 04:28:54 [notice] 1#1: signal 3 (SIGQUIT) received, shutting down
2024/06/18 04:28:54 [notice] 29#29: gracefully shutting down
2024/06/18 04:28:54 [notice] 42#42: gracefully shutting down
2024/06/18 04:28:54 [notice] 30#30: gracefully shutting down
2024/06/18 04:28:54 [notice] 31#31: gracefully shutting down
2024/06/18 04:28:54 [notice] 31#31: exiting
2024/06/18 04:28:54 [notice] 32#32: gracefully shutting down
2024/06/18 04:28:54 [notice] 33#33: gracefully shutting down
2024/06/18 04:28:54 [notice] 34#34: gracefully shutting down
2024/06/18 04:28:54 [notice] 36#36: gracefully shutting down
2024/06/18 04:28:54 [notice] 36#36: exiting
2024/06/18 04:28:54 [notice] 35#35: gracefully shutting down
2024/06/18 04:28:54 [notice] 37#37: gracefully shutting down
2024/06/18 04:28:54 [notice] 38#38: gracefully shutting down
2024/06/18 04:28:54 [notice] 39#39: gracefully shutting down
2024/06/18 04:28:54 [notice] 40#40: gracefully shutting down
2024/06/18 04:28:54 [notice] 41#41: gracefully shutting down
2024/06/18 04:28:54 [notice] 43#43: gracefully shutting down
2024/06/18 04:28:54 [notice] 44#44: gracefully shutting down
2024/06/18 04:28:54 [notice] 29#29: exiting
2024/06/18 04:28:54 [notice] 42#42: exiting
2024/06/18 04:28:54 [notice] 29#29: exit
2024/06/18 04:28:54 [notice] 30#30: exiting
2024/06/18 04:28:54 [notice] 31#31: exit
2024/06/18 04:28:54 [notice] 32#32: exiting
2024/06/18 04:28:54 [notice] 33#33: exiting
2024/06/18 04:28:54 [notice] 34#34: exiting
2024/06/18 04:28:54 [notice] 36#36: exit
2024/06/18 04:28:54 [notice] 35#35: exiting
2024/06/18 04:28:54 [notice] 37#37: exiting
2024/06/18 04:28:54 [notice] 38#38: exiting
2024/06/18 04:28:54 [notice] 39#39: exiting
2024/06/18 04:28:54 [notice] 40#40: exiting
2024/06/18 04:28:54 [notice] 41#41: exiting
2024/06/18 04:28:54 [notice] 43#43: exiting
2024/06/18 04:28:54 [notice] 44#44: exiting
2024/06/18 04:28:54 [notice] 42#42: exit
2024/06/18 04:28:54 [notice] 30#30: exit
2024/06/18 04:28:54 [notice] 32#32: exit
2024/06/18 04:28:54 [notice] 33#33: exit
2024/06/18 04:28:54 [notice] 34#34: exit
2024/06/18 04:28:54 [notice] 35#35: exit
2024/06/18 04:28:54 [notice] 37#37: exit
2024/06/18 04:28:54 [notice] 38#38: exit
2024/06/18 04:28:54 [notice] 39#39: exit
2024/06/18 04:28:54 [notice] 40#40: exit
2024/06/18 04:28:54 [notice] 41#41: exit
2024/06/18 04:28:54 [notice] 43#43: exit
2024/06/18 04:28:54 [notice] 44#44: exit
2024/06/18 04:28:55 [notice] 1#1: signal 17 (SIGCHLD) received from 42
2024/06/18 04:28:55 [notice] 1#1: worker process 29 exited with code 0
2024/06/18 04:28:55 [notice] 1#1: worker process 35 exited with code 0
2024/06/18 04:28:55 [notice] 1#1: worker process 37 exited with code 0
2024/06/18 04:28:55 [notice] 1#1: worker process 42 exited with code 0
2024/06/18 04:28:55 [notice] 1#1: signal 29 (SIGIO) received
2024/06/18 04:28:55 [notice] 1#1: signal 17 (SIGCHLD) received from 29
2024/06/18 04:28:55 [notice] 1#1: signal 17 (SIGCHLD) received from 39
2024/06/18 04:28:55 [notice] 1#1: worker process 31 exited with code 0
2024/06/18 04:28:55 [notice] 1#1: worker process 32 exited with code 0
2024/06/18 04:28:55 [notice] 1#1: worker process 34 exited with code 0
2024/06/18 04:28:55 [notice] 1#1: worker process 39 exited with code 0
2024/06/18 04:28:55 [notice] 1#1: worker process 43 exited with code 0
2024/06/18 04:28:55 [notice] 1#1: signal 29 (SIGIO) received
2024/06/18 04:28:55 [notice] 1#1: signal 17 (SIGCHLD) received from 44
2024/06/18 04:28:55 [notice] 1#1: worker process 33 exited with code 0
2024/06/18 04:28:55 [notice] 1#1: worker process 38 exited with code 0
2024/06/18 04:28:55 [notice] 1#1: worker process 40 exited with code 0
2024/06/18 04:28:55 [notice] 1#1: worker process 44 exited with code 0
2024/06/18 04:28:55 [notice] 1#1: signal 29 (SIGIO) received
2024/06/18 04:28:55 [notice] 1#1: signal 17 (SIGCHLD) received from 41
2024/06/18 04:28:55 [notice] 1#1: worker process 41 exited with code 0
2024/06/18 04:28:55 [notice] 1#1: signal 29 (SIGIO) received
2024/06/18 04:28:55 [notice] 1#1: signal 17 (SIGCHLD) received from 36
2024/06/18 04:28:55 [notice] 1#1: worker process 30 exited with code 0
2024/06/18 04:28:55 [notice] 1#1: worker process 36 exited with code 0
2024/06/18 04:28:55 [notice] 1#1: exit
2024/06/18 04:28:58 [notice] 1#1: using the "epoll" event method
2024/06/18 04:28:58 [notice] 1#1: nginx/1.27.0
2024/06/18 04:28:58 [notice] 1#1: built by gcc 13.2.1 20231014 (Alpine 13.2.1_git20231014) 
2024/06/18 04:28:58 [notice] 1#1: OS: Linux 5.15.146.1-microsoft-standard-WSL2
2024/06/18 04:28:58 [notice] 1#1: getrlimit(RLIMIT_NOFILE): 1048576:1048576
2024/06/18 04:28:58 [notice] 1#1: start worker processes
2024/06/18 04:28:58 [notice] 1#1: start worker process 29
2024/06/18 04:28:58 [notice] 1#1: start worker process 30
2024/06/18 04:28:58 [notice] 1#1: start worker process 31
2024/06/18 04:28:58 [notice] 1#1: start worker process 32
2024/06/18 04:28:58 [notice] 1#1: start worker process 33
2024/06/18 04:28:58 [notice] 1#1: start worker process 34
2024/06/18 04:28:58 [notice] 1#1: start worker process 35
2024/06/18 04:28:58 [notice] 1#1: start worker process 36
2024/06/18 04:28:58 [notice] 1#1: start worker process 37
2024/06/18 04:28:58 [notice] 1#1: start worker process 38
2024/06/18 04:28:58 [notice] 1#1: start worker process 39
2024/06/18 04:28:58 [notice] 1#1: start worker process 40
2024/06/18 04:28:58 [notice] 1#1: start worker process 41
2024/06/18 04:28:58 [notice] 1#1: start worker process 42
2024/06/18 04:28:58 [notice] 1#1: start worker process 43
2024/06/18 04:28:58 [notice] 1#1: start worker process 44
2024/06/18 04:32:40 [notice] 1#1: signal 3 (SIGQUIT) received, shutting down
2024/06/18 04:32:40 [notice] 30#30: gracefully shutting down
2024/06/18 04:32:40 [notice] 33#33: gracefully shutting down
2024/06/18 04:32:40 [notice] 35#35: gracefully shutting down
2024/06/18 04:32:40 [notice] 38#38: gracefully shutting down
2024/06/18 04:32:40 [notice] 39#39: gracefully shutting down
2024/06/18 04:32:40 [notice] 31#31: gracefully shutting down
2024/06/18 04:32:40 [notice] 42#42: gracefully shutting down
2024/06/18 04:32:40 [notice] 31#31: exiting
2024/06/18 04:32:40 [notice] 43#43: gracefully shutting down
2024/06/18 04:32:40 [notice] 31#31: exit
2024/06/18 04:32:40 [notice] 44#44: gracefully shutting down
2024/06/18 04:32:40 [notice] 41#41: gracefully shutting down
2024/06/18 04:32:40 [notice] 34#34: gracefully shutting down
2024/06/18 04:32:40 [notice] 36#36: gracefully shutting down
2024/06/18 04:32:40 [notice] 32#32: gracefully shutting down
2024/06/18 04:32:40 [notice] 40#40: gracefully shutting down
2024/06/18 04:32:40 [notice] 37#37: gracefully shutting down
2024/06/18 04:32:40 [notice] 30#30: exiting
2024/06/18 04:32:40 [notice] 29#29: gracefully shutting down
2024/06/18 04:32:40 [notice] 33#33: exiting
2024/06/18 04:32:40 [notice] 35#35: exiting
2024/06/18 04:32:40 [notice] 38#38: exiting
2024/06/18 04:32:40 [notice] 39#39: exiting
2024/06/18 04:32:40 [notice] 42#42: exiting
2024/06/18 04:32:40 [notice] 43#43: exiting
2024/06/18 04:32:40 [notice] 44#44: exiting
2024/06/18 04:32:40 [notice] 41#41: exiting
2024/06/18 04:32:40 [notice] 34#34: exiting
2024/06/18 04:32:40 [notice] 41#41: exit
2024/06/18 04:32:40 [notice] 36#36: exiting
2024/06/18 04:32:40 [notice] 40#40: exiting
2024/06/18 04:32:40 [notice] 37#37: exiting
2024/06/18 04:32:40 [notice] 30#30: exit
2024/06/18 04:32:40 [notice] 37#37: exit
2024/06/18 04:32:40 [notice] 29#29: exiting
2024/06/18 04:32:40 [notice] 33#33: exit
2024/06/18 04:32:40 [notice] 29#29: exit
2024/06/18 04:32:40 [notice] 35#35: exit
2024/06/18 04:32:40 [notice] 38#38: exit
2024/06/18 04:32:40 [notice] 39#39: exit
2024/06/18 04:32:40 [notice] 42#42: exit
2024/06/18 04:32:40 [notice] 43#43: exit
2024/06/18 04:32:40 [notice] 44#44: exit
2024/06/18 04:32:40 [notice] 34#34: exit
2024/06/18 04:32:40 [notice] 36#36: exit
2024/06/18 04:32:40 [notice] 40#40: exit
2024/06/18 04:32:40 [notice] 1#1: signal 17 (SIGCHLD) received from 37
2024/06/18 04:32:40 [notice] 1#1: worker process 29 exited with code 0
2024/06/18 04:32:40 [notice] 1#1: worker process 31 exited with code 0
2024/06/18 04:32:40 [notice] 1#1: worker process 33 exited with code 0
2024/06/18 04:32:40 [notice] 1#1: worker process 36 exited with code 0
2024/06/18 04:32:40 [notice] 1#1: worker process 37 exited with code 0
2024/06/18 04:32:40 [notice] 1#1: worker process 40 exited with code 0
2024/06/18 04:32:40 [notice] 1#1: worker process 42 exited with code 0
2024/06/18 04:32:40 [notice] 1#1: worker process 43 exited with code 0
2024/06/18 04:32:40 [notice] 1#1: signal 29 (SIGIO) received
2024/06/18 04:32:40 [notice] 1#1: signal 17 (SIGCHLD) received from 31
2024/06/18 04:32:40 [notice] 1#1: signal 17 (SIGCHLD) received from 44
2024/06/18 04:32:40 [notice] 1#1: worker process 30 exited with code 0
2024/06/18 04:32:40 [notice] 1#1: worker process 35 exited with code 0
2024/06/18 04:32:40 [notice] 1#1: worker process 44 exited with code 0
2024/06/18 04:32:40 [notice] 1#1: signal 29 (SIGIO) received
2024/06/18 04:32:40 [notice] 1#1: signal 17 (SIGCHLD) received from 38
2024/06/18 04:32:40 [notice] 1#1: worker process 38 exited with code 0
2024/06/18 04:32:40 [notice] 1#1: signal 29 (SIGIO) received
2024/06/18 04:32:40 [notice] 1#1: signal 17 (SIGCHLD) received from 39
2024/06/18 04:32:40 [notice] 1#1: worker process 39 exited with code 0
2024/06/18 04:32:40 [notice] 1#1: signal 29 (SIGIO) received
2024/06/18 04:32:40 [notice] 1#1: signal 17 (SIGCHLD) received from 41
2024/06/18 04:32:40 [notice] 1#1: worker process 34 exited with code 0
2024/06/18 04:32:40 [notice] 1#1: worker process 41 exited with code 0
2024/06/18 04:32:40 [notice] 1#1: signal 29 (SIGIO) received
2024/06/19 01:14:10 [notice] 1#1: using the "epoll" event method
2024/06/19 01:14:10 [notice] 1#1: nginx/1.27.0
2024/06/19 01:14:10 [notice] 1#1: built by gcc 13.2.1 20231014 (Alpine 13.2.1_git20231014) 
2024/06/19 01:14:10 [notice] 1#1: OS: Linux 5.15.146.1-microsoft-standard-WSL2
2024/06/19 01:14:10 [notice] 1#1: getrlimit(RLIMIT_NOFILE): 1048576:1048576
2024/06/19 01:14:10 [notice] 1#1: start worker processes
2024/06/19 01:14:10 [notice] 1#1: start worker process 29
2024/06/19 01:14:10 [notice] 1#1: start worker process 30
2024/06/19 01:14:10 [notice] 1#1: start worker process 31
2024/06/19 01:14:10 [notice] 1#1: start worker process 32
2024/06/19 01:14:10 [notice] 1#1: start worker process 33
2024/06/19 01:14:10 [notice] 1#1: start worker process 34
2024/06/19 01:14:10 [notice] 1#1: start worker process 35
2024/06/19 01:14:10 [notice] 1#1: start worker process 36
2024/06/19 01:14:10 [notice] 1#1: start worker process 37
2024/06/19 01:14:10 [notice] 1#1: start worker process 38
2024/06/19 01:14:10 [notice] 1#1: start worker process 39
2024/06/19 01:14:10 [notice] 1#1: start worker process 40
2024/06/19 01:14:10 [notice] 1#1: start worker process 41
2024/06/19 01:14:10 [notice] 1#1: start worker process 42
2024/06/19 01:14:10 [notice] 1#1: start worker process 43
2024/06/19 01:14:10 [notice] 1#1: start worker process 44
2024/06/19 01:14:59 [notice] 1#1: signal 3 (SIGQUIT) received, shutting down
2024/06/19 01:14:59 [notice] 29#29: gracefully shutting down
2024/06/19 01:14:59 [notice] 41#41: gracefully shutting down
2024/06/19 01:14:59 [notice] 30#30: gracefully shutting down
2024/06/19 01:14:59 [notice] 32#32: gracefully shutting down
2024/06/19 01:14:59 [notice] 34#34: gracefully shutting down
2024/06/19 01:14:59 [notice] 35#35: gracefully shutting down
2024/06/19 01:14:59 [notice] 33#33: gracefully shutting down
2024/06/19 01:14:59 [notice] 36#36: gracefully shutting down
2024/06/19 01:14:59 [notice] 38#38: gracefully shutting down
2024/06/19 01:14:59 [notice] 39#39: gracefully shutting down
2024/06/19 01:14:59 [notice] 37#37: gracefully shutting down
2024/06/19 01:14:59 [notice] 43#43: gracefully shutting down
2024/06/19 01:14:59 [notice] 44#44: gracefully shutting down
2024/06/19 01:14:59 [notice] 40#40: gracefully shutting down
2024/06/19 01:14:59 [notice] 42#42: gracefully shutting down
2024/06/19 01:14:59 [notice] 31#31: gracefully shutting down
2024/06/19 01:14:59 [notice] 29#29: exiting
2024/06/19 01:14:59 [notice] 41#41: exiting
2024/06/19 01:14:59 [notice] 30#30: exiting
2024/06/19 01:14:59 [notice] 32#32: exiting
2024/06/19 01:14:59 [notice] 34#34: exiting
2024/06/19 01:14:59 [notice] 35#35: exiting
2024/06/19 01:14:59 [notice] 33#33: exiting
2024/06/19 01:14:59 [notice] 36#36: exiting
2024/06/19 01:14:59 [notice] 38#38: exiting
2024/06/19 01:14:59 [notice] 39#39: exiting
2024/06/19 01:14:59 [notice] 37#37: exiting
2024/06/19 01:14:59 [notice] 43#43: exiting
2024/06/19 01:14:59 [notice] 44#44: exiting
2024/06/19 01:14:59 [notice] 40#40: exiting
2024/06/19 01:14:59 [notice] 42#42: exiting
2024/06/19 01:14:59 [notice] 31#31: exiting
2024/06/19 01:14:59 [notice] 29#29: exit
2024/06/19 01:14:59 [notice] 41#41: exit
2024/06/19 01:14:59 [notice] 30#30: exit
2024/06/19 01:14:59 [notice] 32#32: exit
2024/06/19 01:14:59 [notice] 34#34: exit
2024/06/19 01:14:59 [notice] 35#35: exit
2024/06/19 01:14:59 [notice] 33#33: exit
2024/06/19 01:14:59 [notice] 36#36: exit
2024/06/19 01:14:59 [notice] 38#38: exit
2024/06/19 01:14:59 [notice] 39#39: exit
2024/06/19 01:14:59 [notice] 37#37: exit
2024/06/19 01:14:59 [notice] 43#43: exit
2024/06/19 01:14:59 [notice] 44#44: exit
2024/06/19 01:14:59 [notice] 40#40: exit
2024/06/19 01:14:59 [notice] 42#42: exit
2024/06/19 01:14:59 [notice] 31#31: exit
2024/06/19 01:14:59 [notice] 1#1: signal 17 (SIGCHLD) received from 29
2024/06/19 01:14:59 [notice] 1#1: worker process 29 exited with code 0
2024/06/19 01:14:59 [notice] 1#1: worker process 30 exited with code 0
2024/06/19 01:14:59 [notice] 1#1: worker process 31 exited with code 0
2024/06/19 01:14:59 [notice] 1#1: worker process 32 exited with code 0
2024/06/19 01:14:59 [notice] 1#1: worker process 33 exited with code 0
2024/06/19 01:14:59 [notice] 1#1: worker process 34 exited with code 0
2024/06/19 01:14:59 [notice] 1#1: worker process 35 exited with code 0
2024/06/19 01:14:59 [notice] 1#1: worker process 36 exited with code 0
2024/06/19 01:14:59 [notice] 1#1: worker process 37 exited with code 0
2024/06/19 01:14:59 [notice] 1#1: worker process 38 exited with code 0
2024/06/19 01:14:59 [notice] 1#1: worker process 39 exited with code 0
2024/06/19 01:14:59 [notice] 1#1: worker process 40 exited with code 0
2024/06/19 01:14:59 [notice] 1#1: worker process 41 exited with code 0
2024/06/19 01:14:59 [notice] 1#1: worker process 42 exited with code 0
2024/06/19 01:14:59 [notice] 1#1: worker process 43 exited with code 0
2024/06/19 01:14:59 [notice] 1#1: worker process 44 exited with code 0
2024/06/19 01:14:59 [notice] 1#1: exit
